{"C:\\Users\\santh\\OneDrive - WisRight Technologies Private Limited\\Pictures\\Kottravai-main\\src\\components\\AnalyticsTracker.jsx": {"path":"C:\\Users\\santh\\OneDrive - WisRight Technologies Private Limited\\Pictures\\Kottravai-main\\src\\components\\AnalyticsTracker.jsx","statementMap":{"0":{"start":{"line":7,"column":8},"end":{"line":7,"column":null}},"1":{"start":{"line":8,"column":8},"end":{"line":8,"column":null}},"2":{"start":{"line":10,"column":2},"end":{"line":30,"column":null}},"3":{"start":{"line":12,"column":4},"end":{"line":12,"column":null}},"4":{"start":{"line":15,"column":4},"end":{"line":15,"column":null}},"5":{"start":{"line":18,"column":21},"end":{"line":24,"column":null}},"6":{"start":{"line":19,"column":19},"end":{"line":19,"column":null}},"7":{"start":{"line":20,"column":6},"end":{"line":23,"column":null}},"8":{"start":{"line":21,"column":8},"end":{"line":21,"column":null}},"9":{"start":{"line":22,"column":8},"end":{"line":22,"column":null}},"10":{"start":{"line":27,"column":4},"end":{"line":27,"column":null}},"11":{"start":{"line":29,"column":4},"end":{"line":29,"column":null}},"12":{"start":{"line":33,"column":2},"end":{"line":56,"column":null}},"13":{"start":{"line":34,"column":31},"end":{"line":53,"column":null}},"14":{"start":{"line":35,"column":6},"end":{"line":52,"column":null}},"15":{"start":{"line":36,"column":25},"end":{"line":36,"column":null}},"16":{"start":{"line":37,"column":24},"end":{"line":37,"column":null}},"17":{"start":{"line":39,"column":14},"end":{"line":39,"column":null}},"18":{"start":{"line":40,"column":21},"end":{"line":40,"column":null}},"19":{"start":{"line":41,"column":8},"end":{"line":49,"column":null}},"20":{"start":{"line":42,"column":10},"end":{"line":42,"column":null}},"21":{"start":{"line":45,"column":22},"end":{"line":45,"column":null}},"22":{"start":{"line":46,"column":10},"end":{"line":46,"column":null}},"23":{"start":{"line":47,"column":10},"end":{"line":47,"column":null}},"24":{"start":{"line":48,"column":10},"end":{"line":48,"column":null}},"25":{"start":{"line":54,"column":4},"end":{"line":54,"column":null}},"26":{"start":{"line":55,"column":4},"end":{"line":55,"column":null}},"27":{"start":{"line":55,"column":17},"end":{"line":55,"column":null}},"28":{"start":{"line":58,"column":2},"end":{"line":58,"column":null}}},"fnMap":{"0":{"name":"AnalyticsTracker","decl":{"start":{"line":6,"column":24},"end":{"line":6,"column":43}},"loc":{"start":{"line":6,"column":43},"end":{"line":59,"column":null}},"line":6},"1":{"name":"(anonymous_1)","decl":{"start":{"line":10,"column":12},"end":{"line":10,"column":18}},"loc":{"start":{"line":10,"column":18},"end":{"line":30,"column":5}},"line":10},"2":{"name":"(anonymous_2)","decl":{"start":{"line":18,"column":21},"end":{"line":18,"column":27}},"loc":{"start":{"line":18,"column":27},"end":{"line":24,"column":null}},"line":18},"3":{"name":"(anonymous_3)","decl":{"start":{"line":29,"column":11},"end":{"line":29,"column":17}},"loc":{"start":{"line":29,"column":17},"end":{"line":29,"column":null}},"line":29},"4":{"name":"(anonymous_4)","decl":{"start":{"line":33,"column":12},"end":{"line":33,"column":18}},"loc":{"start":{"line":33,"column":18},"end":{"line":56,"column":5}},"line":33},"5":{"name":"(anonymous_5)","decl":{"start":{"line":34,"column":31},"end":{"line":34,"column":32}},"loc":{"start":{"line":34,"column":38},"end":{"line":53,"column":null}},"line":34},"6":{"name":"(anonymous_6)","decl":{"start":{"line":55,"column":11},"end":{"line":55,"column":17}},"loc":{"start":{"line":55,"column":17},"end":{"line":55,"column":null}},"line":55}},"branchMap":{"0":{"loc":{"start":{"line":20,"column":6},"end":{"line":23,"column":null}},"type":"if","locations":[{"start":{"line":20,"column":6},"end":{"line":23,"column":null}},{"start":{},"end":{}}],"line":20},"1":{"loc":{"start":{"line":39,"column":21},"end":{"line":39,"column":63}},"type":"binary-expr","locations":[{"start":{"line":39,"column":21},"end":{"line":39,"column":53}},{"start":{"line":39,"column":53},"end":{"line":39,"column":63}}],"line":39},"2":{"loc":{"start":{"line":41,"column":8},"end":{"line":49,"column":null}},"type":"if","locations":[{"start":{"line":41,"column":8},"end":{"line":49,"column":null}},{"start":{"line":43,"column":15},"end":{"line":49,"column":null}}],"line":41}},"s":{"0":0,"1":0,"2":0,"3":0,"4":0,"5":0,"6":0,"7":0,"8":0,"9":0,"10":0,"11":0,"12":0,"13":0,"14":0,"15":0,"16":0,"17":0,"18":0,"19":0,"20":0,"21":0,"22":0,"23":0,"24":0,"25":0,"26":0,"27":0,"28":0},"f":{"0":0,"1":0,"2":0,"3":0,"4":0,"5":0,"6":0},"b":{"0":[0,0],"1":[0,0],"2":[0,0]},"meta":{"lastBranch":3,"lastFunction":7,"lastStatement":29,"seen":{"f:6:24:6:43":0,"s:7:8:7:Infinity":0,"s:8:8:8:Infinity":1,"s:10:2:30:Infinity":2,"f:10:12:10:18":1,"s:12:4:12:Infinity":3,"s:15:4:15:Infinity":4,"s:18:21:24:Infinity":5,"f:18:21:18:27":2,"s:19:19:19:Infinity":6,"b:20:6:23:Infinity:undefined:undefined:undefined:undefined":0,"s:20:6:23:Infinity":7,"s:21:8:21:Infinity":8,"s:22:8:22:Infinity":9,"s:27:4:27:Infinity":10,"s:29:4:29:Infinity":11,"f:29:11:29:17":3,"s:33:2:56:Infinity":12,"f:33:12:33:18":4,"s:34:31:53:Infinity":13,"f:34:31:34:32":5,"s:35:6:52:Infinity":14,"s:36:25:36:Infinity":15,"s:37:24:37:Infinity":16,"s:39:14:39:Infinity":17,"b:39:21:39:53:39:53:39:63":1,"s:40:21:40:Infinity":18,"b:41:8:49:Infinity:43:15:49:Infinity":2,"s:41:8:49:Infinity":19,"s:42:10:42:Infinity":20,"s:45:22:45:Infinity":21,"s:46:10:46:Infinity":22,"s:47:10:47:Infinity":23,"s:48:10:48:Infinity":24,"s:54:4:54:Infinity":25,"s:55:4:55:Infinity":26,"f:55:11:55:17":6,"s:55:17:55:Infinity":27,"s:58:2:58:Infinity":28},"fnNames":{}}}
,"C:\\Users\\santh\\OneDrive - WisRight Technologies Private Limited\\Pictures\\Kottravai-main\\src\\components\\CartEmailCapture.tsx": {"path":"C:\\Users\\santh\\OneDrive - WisRight Technologies Private Limited\\Pictures\\Kottravai-main\\src\\components\\CartEmailCapture.tsx","statementMap":{"0":{"start":{"line":14,"column":25},"end":{"line":107,"column":null}},"1":{"start":{"line":15,"column":26},"end":{"line":15,"column":null}},"2":{"start":{"line":16,"column":28},"end":{"line":16,"column":null}},"3":{"start":{"line":18,"column":25},"end":{"line":36,"column":null}},"4":{"start":{"line":19,"column":8},"end":{"line":19,"column":null}},"5":{"start":{"line":20,"column":8},"end":{"line":20,"column":null}},"6":{"start":{"line":20,"column":27},"end":{"line":20,"column":null}},"7":{"start":{"line":21,"column":8},"end":{"line":21,"column":null}},"8":{"start":{"line":23,"column":8},"end":{"line":35,"column":null}},"9":{"start":{"line":24,"column":12},"end":{"line":30,"column":null}},"10":{"start":{"line":31,"column":12},"end":{"line":31,"column":null}},"11":{"start":{"line":34,"column":12},"end":{"line":34,"column":null}},"12":{"start":{"line":38,"column":26},"end":{"line":41,"column":null}},"13":{"start":{"line":39,"column":8},"end":{"line":39,"column":null}},"14":{"start":{"line":40,"column":8},"end":{"line":40,"column":null}},"15":{"start":{"line":43,"column":4},"end":{"line":43,"column":null}},"16":{"start":{"line":43,"column":32},"end":{"line":43,"column":null}},"17":{"start":{"line":45,"column":4},"end":{"line":54,"column":null}},"18":{"start":{"line":46,"column":8},"end":{"line":52,"column":null}},"19":{"start":{"line":56,"column":4},"end":{"line":105,"column":null}},"20":{"start":{"line":89,"column":39},"end":{"line":89,"column":null}}},"fnMap":{"0":{"name":"(anonymous_0)","decl":{"start":{"line":14,"column":25},"end":{"line":14,"column":26}},"loc":{"start":{"line":14,"column":67},"end":{"line":107,"column":null}},"line":14},"1":{"name":"(anonymous_1)","decl":{"start":{"line":18,"column":25},"end":{"line":18,"column":32}},"loc":{"start":{"line":18,"column":49},"end":{"line":36,"column":null}},"line":18},"2":{"name":"(anonymous_2)","decl":{"start":{"line":38,"column":26},"end":{"line":38,"column":32}},"loc":{"start":{"line":38,"column":32},"end":{"line":41,"column":null}},"line":38},"3":{"name":"(anonymous_3)","decl":{"start":{"line":89,"column":34},"end":{"line":89,"column":39}},"loc":{"start":{"line":89,"column":39},"end":{"line":89,"column":null}},"line":89}},"branchMap":{"0":{"loc":{"start":{"line":20,"column":8},"end":{"line":20,"column":null}},"type":"if","locations":[{"start":{"line":20,"column":8},"end":{"line":20,"column":null}},{"start":{},"end":{}}],"line":20},"1":{"loc":{"start":{"line":43,"column":4},"end":{"line":43,"column":null}},"type":"if","locations":[{"start":{"line":43,"column":4},"end":{"line":43,"column":null}},{"start":{},"end":{}}],"line":43},"2":{"loc":{"start":{"line":45,"column":4},"end":{"line":54,"column":null}},"type":"if","locations":[{"start":{"line":45,"column":4},"end":{"line":54,"column":null}},{"start":{},"end":{}}],"line":45},"3":{"loc":{"start":{"line":99,"column":21},"end":{"line":101,"column":51}},"type":"cond-expr","locations":[{"start":{"line":100,"column":26},"end":{"line":100,"column":null}},{"start":{"line":101,"column":26},"end":{"line":101,"column":51}}],"line":99}},"s":{"0":0,"1":0,"2":0,"3":0,"4":0,"5":0,"6":0,"7":0,"8":0,"9":0,"10":0,"11":0,"12":0,"13":0,"14":0,"15":0,"16":0,"17":0,"18":0,"19":0,"20":0},"f":{"0":0,"1":0,"2":0,"3":0},"b":{"0":[0,0],"1":[0,0],"2":[0,0],"3":[0,0]},"meta":{"lastBranch":4,"lastFunction":4,"lastStatement":21,"seen":{"s:14:25:107:Infinity":0,"f:14:25:14:26":0,"s:15:26:15:Infinity":1,"s:16:28:16:Infinity":2,"s:18:25:36:Infinity":3,"f:18:25:18:32":1,"s:19:8:19:Infinity":4,"b:20:8:20:Infinity:undefined:undefined:undefined:undefined":0,"s:20:8:20:Infinity":5,"s:20:27:20:Infinity":6,"s:21:8:21:Infinity":7,"s:23:8:35:Infinity":8,"s:24:12:30:Infinity":9,"s:31:12:31:Infinity":10,"s:34:12:34:Infinity":11,"s:38:26:41:Infinity":12,"f:38:26:38:32":2,"s:39:8:39:Infinity":13,"s:40:8:40:Infinity":14,"b:43:4:43:Infinity:undefined:undefined:undefined:undefined":1,"s:43:4:43:Infinity":15,"s:43:32:43:Infinity":16,"b:45:4:54:Infinity:undefined:undefined:undefined:undefined":2,"s:45:4:54:Infinity":17,"s:46:8:52:Infinity":18,"s:56:4:105:Infinity":19,"f:89:34:89:39":3,"s:89:39:89:Infinity":20,"b:100:26:100:Infinity:101:26:101:51":3},"fnNames":{}}}
,"C:\\Users\\santh\\OneDrive - WisRight Technologies Private Limited\\Pictures\\Kottravai-main\\src\\components\\CartEmailModal.tsx": {"path":"C:\\Users\\santh\\OneDrive - WisRight Technologies Private Limited\\Pictures\\Kottravai-main\\src\\components\\CartEmailModal.tsx","statementMap":{"0":{"start":{"line":12,"column":54},"end":{"line":160,"column":null}},"1":{"start":{"line":13,"column":26},"end":{"line":13,"column":null}},"2":{"start":{"line":14,"column":26},"end":{"line":14,"column":null}},"3":{"start":{"line":15,"column":40},"end":{"line":15,"column":null}},"4":{"start":{"line":17,"column":4},"end":{"line":21,"column":null}},"5":{"start":{"line":18,"column":8},"end":{"line":20,"column":null}},"6":{"start":{"line":19,"column":12},"end":{"line":19,"column":null}},"7":{"start":{"line":23,"column":4},"end":{"line":23,"column":null}},"8":{"start":{"line":23,"column":17},"end":{"line":23,"column":null}},"9":{"start":{"line":25,"column":26},"end":{"line":28,"column":null}},"10":{"start":{"line":26,"column":19},"end":{"line":26,"column":null}},"11":{"start":{"line":27,"column":8},"end":{"line":27,"column":null}},"12":{"start":{"line":30,"column":25},"end":{"line":67,"column":null}},"13":{"start":{"line":31,"column":8},"end":{"line":31,"column":null}},"14":{"start":{"line":32,"column":29},"end":{"line":32,"column":null}},"15":{"start":{"line":34,"column":8},"end":{"line":37,"column":null}},"16":{"start":{"line":35,"column":12},"end":{"line":35,"column":null}},"17":{"start":{"line":36,"column":12},"end":{"line":36,"column":null}},"18":{"start":{"line":39,"column":8},"end":{"line":42,"column":null}},"19":{"start":{"line":40,"column":12},"end":{"line":40,"column":null}},"20":{"start":{"line":41,"column":12},"end":{"line":41,"column":null}},"21":{"start":{"line":44,"column":8},"end":{"line":44,"column":null}},"22":{"start":{"line":45,"column":8},"end":{"line":45,"column":null}},"23":{"start":{"line":47,"column":8},"end":{"line":66,"column":null}},"24":{"start":{"line":48,"column":12},"end":{"line":52,"column":null}},"25":{"start":{"line":55,"column":12},"end":{"line":55,"column":null}},"26":{"start":{"line":56,"column":12},"end":{"line":58,"column":null}},"27":{"start":{"line":60,"column":12},"end":{"line":60,"column":null}},"28":{"start":{"line":62,"column":12},"end":{"line":62,"column":null}},"29":{"start":{"line":63,"column":12},"end":{"line":63,"column":null}},"30":{"start":{"line":65,"column":12},"end":{"line":65,"column":null}},"31":{"start":{"line":69,"column":23},"end":{"line":74,"column":null}},"32":{"start":{"line":70,"column":8},"end":{"line":70,"column":null}},"33":{"start":{"line":72,"column":8},"end":{"line":72,"column":null}},"34":{"start":{"line":73,"column":8},"end":{"line":73,"column":null}},"35":{"start":{"line":76,"column":4},"end":{"line":158,"column":null}},"36":{"start":{"line":121,"column":36},"end":{"line":121,"column":null}},"37":{"start":{"line":122,"column":36},"end":{"line":122,"column":null}}},"fnMap":{"0":{"name":"(anonymous_0)","decl":{"start":{"line":12,"column":54},"end":{"line":12,"column":55}},"loc":{"start":{"line":12,"column":79},"end":{"line":160,"column":null}},"line":12},"1":{"name":"(anonymous_1)","decl":{"start":{"line":17,"column":14},"end":{"line":17,"column":20}},"loc":{"start":{"line":17,"column":20},"end":{"line":21,"column":7}},"line":17},"2":{"name":"(anonymous_2)","decl":{"start":{"line":25,"column":26},"end":{"line":25,"column":27}},"loc":{"start":{"line":25,"column":45},"end":{"line":28,"column":null}},"line":25},"3":{"name":"(anonymous_3)","decl":{"start":{"line":30,"column":25},"end":{"line":30,"column":32}},"loc":{"start":{"line":30,"column":55},"end":{"line":67,"column":null}},"line":30},"4":{"name":"(anonymous_4)","decl":{"start":{"line":69,"column":23},"end":{"line":69,"column":29}},"loc":{"start":{"line":69,"column":29},"end":{"line":74,"column":null}},"line":69},"5":{"name":"(anonymous_5)","decl":{"start":{"line":120,"column":42},"end":{"line":120,"column":43}},"loc":{"start":{"line":120,"column":49},"end":{"line":123,"column":null}},"line":120}},"branchMap":{"0":{"loc":{"start":{"line":18,"column":8},"end":{"line":20,"column":null}},"type":"if","locations":[{"start":{"line":18,"column":8},"end":{"line":20,"column":null}},{"start":{},"end":{}}],"line":18},"1":{"loc":{"start":{"line":23,"column":4},"end":{"line":23,"column":null}},"type":"if","locations":[{"start":{"line":23,"column":4},"end":{"line":23,"column":null}},{"start":{},"end":{}}],"line":23},"2":{"loc":{"start":{"line":34,"column":8},"end":{"line":37,"column":null}},"type":"if","locations":[{"start":{"line":34,"column":8},"end":{"line":37,"column":null}},{"start":{},"end":{}}],"line":34},"3":{"loc":{"start":{"line":39,"column":8},"end":{"line":42,"column":null}},"type":"if","locations":[{"start":{"line":39,"column":8},"end":{"line":42,"column":null}},{"start":{},"end":{}}],"line":39},"4":{"loc":{"start":{"line":125,"column":81},"end":{"line":125,"column":146}},"type":"cond-expr","locations":[{"start":{"line":125,"column":89},"end":{"line":125,"column":118}},{"start":{"line":125,"column":118},"end":{"line":125,"column":146}}],"line":125},"5":{"loc":{"start":{"line":127,"column":29},"end":{"line":130,"column":null}},"type":"binary-expr","locations":[{"start":{"line":127,"column":29},"end":{"line":127,"column":null}},{"start":{"line":128,"column":32},"end":{"line":130,"column":null}}],"line":127},"6":{"loc":{"start":{"line":141,"column":29},"end":{"line":144,"column":null}},"type":"cond-expr","locations":[{"start":{"line":142,"column":32},"end":{"line":142,"column":null}},{"start":{"line":144,"column":32},"end":{"line":144,"column":null}}],"line":141}},"s":{"0":0,"1":0,"2":0,"3":0,"4":0,"5":0,"6":0,"7":0,"8":0,"9":0,"10":0,"11":0,"12":0,"13":0,"14":0,"15":0,"16":0,"17":0,"18":0,"19":0,"20":0,"21":0,"22":0,"23":0,"24":0,"25":0,"26":0,"27":0,"28":0,"29":0,"30":0,"31":0,"32":0,"33":0,"34":0,"35":0,"36":0,"37":0},"f":{"0":0,"1":0,"2":0,"3":0,"4":0,"5":0},"b":{"0":[0,0],"1":[0,0],"2":[0,0],"3":[0,0],"4":[0,0],"5":[0,0],"6":[0,0]},"meta":{"lastBranch":7,"lastFunction":6,"lastStatement":38,"seen":{"s:12:54:160:Infinity":0,"f:12:54:12:55":0,"s:13:26:13:Infinity":1,"s:14:26:14:Infinity":2,"s:15:40:15:Infinity":3,"s:17:4:21:Infinity":4,"f:17:14:17:20":1,"b:18:8:20:Infinity:undefined:undefined:undefined:undefined":0,"s:18:8:20:Infinity":5,"s:19:12:19:Infinity":6,"b:23:4:23:Infinity:undefined:undefined:undefined:undefined":1,"s:23:4:23:Infinity":7,"s:23:17:23:Infinity":8,"s:25:26:28:Infinity":9,"f:25:26:25:27":2,"s:26:19:26:Infinity":10,"s:27:8:27:Infinity":11,"s:30:25:67:Infinity":12,"f:30:25:30:32":3,"s:31:8:31:Infinity":13,"s:32:29:32:Infinity":14,"b:34:8:37:Infinity:undefined:undefined:undefined:undefined":2,"s:34:8:37:Infinity":15,"s:35:12:35:Infinity":16,"s:36:12:36:Infinity":17,"b:39:8:42:Infinity:undefined:undefined:undefined:undefined":3,"s:39:8:42:Infinity":18,"s:40:12:40:Infinity":19,"s:41:12:41:Infinity":20,"s:44:8:44:Infinity":21,"s:45:8:45:Infinity":22,"s:47:8:66:Infinity":23,"s:48:12:52:Infinity":24,"s:55:12:55:Infinity":25,"s:56:12:58:Infinity":26,"s:60:12:60:Infinity":27,"s:62:12:62:Infinity":28,"s:63:12:63:Infinity":29,"s:65:12:65:Infinity":30,"s:69:23:74:Infinity":31,"f:69:23:69:29":4,"s:70:8:70:Infinity":32,"s:72:8:72:Infinity":33,"s:73:8:73:Infinity":34,"s:76:4:158:Infinity":35,"f:120:42:120:43":5,"s:121:36:121:Infinity":36,"s:122:36:122:Infinity":37,"b:125:89:125:118:125:118:125:146":4,"b:127:29:127:Infinity:128:32:130:Infinity":5,"b:142:32:142:Infinity:144:32:144:Infinity":6},"fnNames":{}}}
,"C:\\Users\\santh\\OneDrive - WisRight Technologies Private Limited\\Pictures\\Kottravai-main\\src\\components\\ChatWidget.tsx": {"path":"C:\\Users\\santh\\OneDrive - WisRight Technologies Private Limited\\Pictures\\Kottravai-main\\src\\components\\ChatWidget.tsx","statementMap":{"0":{"start":{"line":19,"column":19},"end":{"line":599,"column":null}},"1":{"start":{"line":20,"column":28},"end":{"line":20,"column":null}},"2":{"start":{"line":21,"column":26},"end":{"line":21,"column":null}},"3":{"start":{"line":22,"column":32},"end":{"line":22,"column":null}},"4":{"start":{"line":23,"column":21},"end":{"line":23,"column":null}},"5":{"start":{"line":24,"column":22},"end":{"line":24,"column":null}},"6":{"start":{"line":25,"column":10},"end":{"line":25,"column":null}},"7":{"start":{"line":26,"column":32},"end":{"line":26,"column":null}},"8":{"start":{"line":27,"column":10},"end":{"line":27,"column":null}},"9":{"start":{"line":28,"column":10},"end":{"line":28,"column":null}},"10":{"start":{"line":29,"column":36},"end":{"line":29,"column":null}},"11":{"start":{"line":30,"column":36},"end":{"line":30,"column":null}},"12":{"start":{"line":32,"column":44},"end":{"line":32,"column":null}},"13":{"start":{"line":33,"column":10},"end":{"line":33,"column":null}},"14":{"start":{"line":34,"column":36},"end":{"line":34,"column":null}},"15":{"start":{"line":36,"column":27},"end":{"line":40,"column":null}},"16":{"start":{"line":42,"column":28},"end":{"line":48,"column":null}},"17":{"start":{"line":50,"column":26},"end":{"line":55,"column":null}},"18":{"start":{"line":57,"column":4},"end":{"line":62,"column":null}},"19":{"start":{"line":58,"column":8},"end":{"line":61,"column":null}},"20":{"start":{"line":59,"column":12},"end":{"line":59,"column":null}},"21":{"start":{"line":60,"column":12},"end":{"line":60,"column":null}},"22":{"start":{"line":64,"column":4},"end":{"line":82,"column":null}},"23":{"start":{"line":66,"column":27},"end":{"line":66,"column":null}},"24":{"start":{"line":67,"column":20},"end":{"line":67,"column":null}},"25":{"start":{"line":68,"column":26},"end":{"line":68,"column":null}},"26":{"start":{"line":70,"column":8},"end":{"line":81,"column":null}},"27":{"start":{"line":71,"column":26},"end":{"line":78,"column":null}},"28":{"start":{"line":72,"column":16},"end":{"line":72,"column":null}},"29":{"start":{"line":73,"column":16},"end":{"line":73,"column":null}},"30":{"start":{"line":74,"column":16},"end":{"line":74,"column":null}},"31":{"start":{"line":77,"column":16},"end":{"line":77,"column":null}},"32":{"start":{"line":77,"column":33},"end":{"line":77,"column":55}},"33":{"start":{"line":80,"column":12},"end":{"line":80,"column":null}},"34":{"start":{"line":80,"column":25},"end":{"line":80,"column":null}},"35":{"start":{"line":84,"column":4},"end":{"line":102,"column":null}},"36":{"start":{"line":85,"column":8},"end":{"line":101,"column":null}},"37":{"start":{"line":86,"column":12},"end":{"line":100,"column":null}},"38":{"start":{"line":104,"column":4},"end":{"line":123,"column":null}},"39":{"start":{"line":105,"column":8},"end":{"line":122,"column":null}},"40":{"start":{"line":106,"column":30},"end":{"line":106,"column":null}},"41":{"start":{"line":108,"column":12},"end":{"line":121,"column":null}},"42":{"start":{"line":111,"column":16},"end":{"line":114,"column":null}},"43":{"start":{"line":117,"column":16},"end":{"line":120,"column":null}},"44":{"start":{"line":125,"column":31},"end":{"line":210,"column":null}},"45":{"start":{"line":126,"column":8},"end":{"line":209,"column":null}},"46":{"start":{"line":127,"column":12},"end":{"line":127,"column":null}},"47":{"start":{"line":128,"column":12},"end":{"line":128,"column":null}},"48":{"start":{"line":131,"column":28},"end":{"line":134,"column":null}},"49":{"start":{"line":131,"column":57},"end":{"line":134,"column":14}},"50":{"start":{"line":136,"column":31},"end":{"line":136,"column":null}},"51":{"start":{"line":137,"column":30},"end":{"line":137,"column":null}},"52":{"start":{"line":137,"column":47},"end":{"line":137,"column":67}},"53":{"start":{"line":139,"column":29},"end":{"line":148,"column":null}},"54":{"start":{"line":150,"column":12},"end":{"line":150,"column":null}},"55":{"start":{"line":151,"column":12},"end":{"line":151,"column":null}},"56":{"start":{"line":151,"column":30},"end":{"line":151,"column":null}},"57":{"start":{"line":153,"column":25},"end":{"line":153,"column":null}},"58":{"start":{"line":156,"column":12},"end":{"line":168,"column":null}},"59":{"start":{"line":157,"column":16},"end":{"line":167,"column":null}},"60":{"start":{"line":158,"column":20},"end":{"line":166,"column":null}},"61":{"start":{"line":159,"column":43},"end":{"line":159,"column":null}},"62":{"start":{"line":159,"column":62},"end":{"line":159,"column":119}},"63":{"start":{"line":160,"column":24},"end":{"line":165,"column":null}},"64":{"start":{"line":161,"column":28},"end":{"line":161,"column":null}},"65":{"start":{"line":162,"column":28},"end":{"line":162,"column":null}},"66":{"start":{"line":164,"column":28},"end":{"line":164,"column":null}},"67":{"start":{"line":170,"column":33},"end":{"line":170,"column":null}},"68":{"start":{"line":171,"column":30},"end":{"line":171,"column":null}},"69":{"start":{"line":174,"column":33},"end":{"line":174,"column":null}},"70":{"start":{"line":175,"column":31},"end":{"line":175,"column":null}},"71":{"start":{"line":176,"column":31},"end":{"line":176,"column":null}},"72":{"start":{"line":176,"column":62},"end":{"line":176,"column":70}},"73":{"start":{"line":178,"column":30},"end":{"line":178,"column":null}},"74":{"start":{"line":180,"column":36},"end":{"line":186,"column":null}},"75":{"start":{"line":182,"column":34},"end":{"line":182,"column":null}},"76":{"start":{"line":182,"column":53},"end":{"line":182,"column":88}},"77":{"start":{"line":183,"column":20},"end":{"line":183,"column":null}},"78":{"start":{"line":183,"column":32},"end":{"line":183,"column":null}},"79":{"start":{"line":184,"column":20},"end":{"line":184,"column":null}},"80":{"start":{"line":188,"column":36},"end":{"line":196,"column":null}},"81":{"start":{"line":198,"column":12},"end":{"line":198,"column":null}},"82":{"start":{"line":198,"column":32},"end":{"line":198,"column":49}},"83":{"start":{"line":200,"column":12},"end":{"line":200,"column":null}},"84":{"start":{"line":201,"column":38},"end":{"line":205,"column":null}},"85":{"start":{"line":206,"column":12},"end":{"line":206,"column":null}},"86":{"start":{"line":206,"column":32},"end":{"line":206,"column":51}},"87":{"start":{"line":208,"column":12},"end":{"line":208,"column":null}},"88":{"start":{"line":212,"column":27},"end":{"line":259,"column":null}},"89":{"start":{"line":213,"column":8},"end":{"line":213,"column":null}},"90":{"start":{"line":214,"column":8},"end":{"line":214,"column":null}},"91":{"start":{"line":215,"column":8},"end":{"line":215,"column":null}},"92":{"start":{"line":217,"column":24},"end":{"line":220,"column":null}},"93":{"start":{"line":217,"column":54},"end":{"line":220,"column":10}},"94":{"start":{"line":223,"column":24},"end":{"line":223,"column":null}},"95":{"start":{"line":224,"column":24},"end":{"line":224,"column":null}},"96":{"start":{"line":226,"column":8},"end":{"line":258,"column":null}},"97":{"start":{"line":227,"column":29},"end":{"line":239,"column":null}},"98":{"start":{"line":240,"column":25},"end":{"line":240,"column":null}},"99":{"start":{"line":241,"column":36},"end":{"line":246,"column":null}},"100":{"start":{"line":247,"column":12},"end":{"line":247,"column":null}},"101":{"start":{"line":247,"column":32},"end":{"line":247,"column":49}},"102":{"start":{"line":249,"column":36},"end":{"line":254,"column":null}},"103":{"start":{"line":255,"column":12},"end":{"line":255,"column":null}},"104":{"start":{"line":255,"column":32},"end":{"line":255,"column":49}},"105":{"start":{"line":257,"column":12},"end":{"line":257,"column":null}},"106":{"start":{"line":262,"column":32},"end":{"line":272,"column":null}},"107":{"start":{"line":263,"column":8},"end":{"line":263,"column":null}},"108":{"start":{"line":264,"column":8},"end":{"line":264,"column":null}},"109":{"start":{"line":265,"column":32},"end":{"line":270,"column":null}},"110":{"start":{"line":271,"column":8},"end":{"line":271,"column":null}},"111":{"start":{"line":271,"column":28},"end":{"line":271,"column":45}},"112":{"start":{"line":274,"column":23},"end":{"line":304,"column":null}},"113":{"start":{"line":275,"column":28},"end":{"line":275,"column":null}},"114":{"start":{"line":276,"column":8},"end":{"line":276,"column":null}},"115":{"start":{"line":276,"column":45},"end":{"line":276,"column":null}},"116":{"start":{"line":279,"column":8},"end":{"line":289,"column":null}},"117":{"start":{"line":280,"column":37},"end":{"line":284,"column":null}},"118":{"start":{"line":285,"column":12},"end":{"line":285,"column":null}},"119":{"start":{"line":285,"column":32},"end":{"line":285,"column":50}},"120":{"start":{"line":286,"column":12},"end":{"line":286,"column":null}},"121":{"start":{"line":286,"column":31},"end":{"line":286,"column":null}},"122":{"start":{"line":287,"column":12},"end":{"line":287,"column":null}},"123":{"start":{"line":288,"column":12},"end":{"line":288,"column":null}},"124":{"start":{"line":291,"column":8},"end":{"line":291,"column":null}},"125":{"start":{"line":293,"column":33},"end":{"line":297,"column":null}},"126":{"start":{"line":299,"column":8},"end":{"line":299,"column":null}},"127":{"start":{"line":299,"column":28},"end":{"line":299,"column":46}},"128":{"start":{"line":300,"column":8},"end":{"line":300,"column":null}},"129":{"start":{"line":300,"column":27},"end":{"line":300,"column":null}},"130":{"start":{"line":302,"column":8},"end":{"line":302,"column":null}},"131":{"start":{"line":303,"column":8},"end":{"line":303,"column":null}},"132":{"start":{"line":306,"column":30},"end":{"line":332,"column":null}},"133":{"start":{"line":308,"column":8},"end":{"line":318,"column":null}},"134":{"start":{"line":309,"column":37},"end":{"line":313,"column":null}},"135":{"start":{"line":314,"column":12},"end":{"line":314,"column":null}},"136":{"start":{"line":314,"column":32},"end":{"line":314,"column":50}},"137":{"start":{"line":315,"column":12},"end":{"line":315,"column":null}},"138":{"start":{"line":316,"column":12},"end":{"line":316,"column":null}},"139":{"start":{"line":317,"column":12},"end":{"line":317,"column":null}},"140":{"start":{"line":321,"column":8},"end":{"line":329,"column":null}},"141":{"start":{"line":322,"column":30},"end":{"line":322,"column":null}},"142":{"start":{"line":323,"column":28},"end":{"line":323,"column":null}},"143":{"start":{"line":323,"column":47},"end":{"line":323,"column":65}},"144":{"start":{"line":324,"column":12},"end":{"line":327,"column":null}},"145":{"start":{"line":325,"column":16},"end":{"line":325,"column":null}},"146":{"start":{"line":326,"column":16},"end":{"line":326,"column":null}},"147":{"start":{"line":328,"column":12},"end":{"line":328,"column":null}},"148":{"start":{"line":331,"column":8},"end":{"line":331,"column":null}},"149":{"start":{"line":334,"column":30},"end":{"line":381,"column":null}},"150":{"start":{"line":335,"column":8},"end":{"line":335,"column":null}},"151":{"start":{"line":335,"column":19},"end":{"line":335,"column":null}},"152":{"start":{"line":336,"column":22},"end":{"line":336,"column":null}},"153":{"start":{"line":337,"column":8},"end":{"line":380,"column":null}},"154":{"start":{"line":338,"column":28},"end":{"line":338,"column":null}},"155":{"start":{"line":340,"column":29},"end":{"line":340,"column":null}},"156":{"start":{"line":341,"column":28},"end":{"line":341,"column":null}},"157":{"start":{"line":342,"column":12},"end":{"line":346,"column":null}},"158":{"start":{"line":344,"column":33},"end":{"line":344,"column":null}},"159":{"start":{"line":345,"column":16},"end":{"line":345,"column":null}},"160":{"start":{"line":349,"column":45},"end":{"line":349,"column":null}},"161":{"start":{"line":350,"column":28},"end":{"line":350,"column":null}},"162":{"start":{"line":351,"column":30},"end":{"line":351,"column":null}},"163":{"start":{"line":354,"column":12},"end":{"line":360,"column":null}},"164":{"start":{"line":355,"column":31},"end":{"line":355,"column":null}},"165":{"start":{"line":356,"column":33},"end":{"line":356,"column":null}},"166":{"start":{"line":357,"column":16},"end":{"line":357,"column":null}},"167":{"start":{"line":357,"column":28},"end":{"line":357,"column":null}},"168":{"start":{"line":358,"column":16},"end":{"line":358,"column":null}},"169":{"start":{"line":359,"column":16},"end":{"line":359,"column":null}},"170":{"start":{"line":361,"column":26},"end":{"line":361,"column":null}},"171":{"start":{"line":362,"column":12},"end":{"line":362,"column":null}},"172":{"start":{"line":362,"column":23},"end":{"line":362,"column":null}},"173":{"start":{"line":364,"column":28},"end":{"line":364,"column":null}},"174":{"start":{"line":366,"column":12},"end":{"line":373,"column":null}},"175":{"start":{"line":367,"column":16},"end":{"line":371,"column":null}},"176":{"start":{"line":375,"column":12},"end":{"line":378,"column":null}},"177":{"start":{"line":383,"column":4},"end":{"line":597,"column":null}},"178":{"start":{"line":402,"column":31},"end":{"line":402,"column":null}},"179":{"start":{"line":421,"column":37},"end":{"line":421,"column":54}},"180":{"start":{"line":421,"column":54},"end":{"line":421,"column":76}},"181":{"start":{"line":434,"column":42},"end":{"line":434,"column":63}},"182":{"start":{"line":434,"column":63},"end":{"line":434,"column":85}},"183":{"start":{"line":465,"column":46},"end":{"line":465,"column":null}},"184":{"start":{"line":466,"column":43},"end":{"line":466,"column":null}},"185":{"start":{"line":467,"column":48},"end":{"line":467,"column":null}},"186":{"start":{"line":469,"column":28},"end":{"line":551,"column":null}},"187":{"start":{"line":475,"column":47},"end":{"line":475,"column":null}},"188":{"start":{"line":497,"column":52},"end":{"line":518,"column":null}},"189":{"start":{"line":502,"column":71},"end":{"line":502,"column":null}},"190":{"start":{"line":526,"column":52},"end":{"line":532,"column":null}},"191":{"start":{"line":528,"column":71},"end":{"line":528,"column":null}},"192":{"start":{"line":540,"column":52},"end":{"line":546,"column":null}},"193":{"start":{"line":542,"column":71},"end":{"line":542,"column":null}},"194":{"start":{"line":581,"column":45},"end":{"line":581,"column":null}},"195":{"start":{"line":582,"column":47},"end":{"line":582,"column":null}},"196":{"start":{"line":588,"column":43},"end":{"line":588,"column":null}}},"fnMap":{"0":{"name":"(anonymous_0)","decl":{"start":{"line":19,"column":19},"end":{"line":19,"column":25}},"loc":{"start":{"line":19,"column":25},"end":{"line":599,"column":null}},"line":19},"1":{"name":"(anonymous_1)","decl":{"start":{"line":57,"column":14},"end":{"line":57,"column":20}},"loc":{"start":{"line":57,"column":20},"end":{"line":62,"column":7}},"line":57},"2":{"name":"(anonymous_2)","decl":{"start":{"line":64,"column":14},"end":{"line":64,"column":20}},"loc":{"start":{"line":64,"column":20},"end":{"line":82,"column":7}},"line":64},"3":{"name":"(anonymous_3)","decl":{"start":{"line":71,"column":37},"end":{"line":71,"column":43}},"loc":{"start":{"line":71,"column":43},"end":{"line":78,"column":15}},"line":71},"4":{"name":"(anonymous_4)","decl":{"start":{"line":77,"column":27},"end":{"line":77,"column":33}},"loc":{"start":{"line":77,"column":33},"end":{"line":77,"column":55}},"line":77},"5":{"name":"(anonymous_5)","decl":{"start":{"line":80,"column":19},"end":{"line":80,"column":25}},"loc":{"start":{"line":80,"column":25},"end":{"line":80,"column":null}},"line":80},"6":{"name":"(anonymous_6)","decl":{"start":{"line":84,"column":14},"end":{"line":84,"column":20}},"loc":{"start":{"line":84,"column":20},"end":{"line":102,"column":7}},"line":84},"7":{"name":"(anonymous_7)","decl":{"start":{"line":104,"column":14},"end":{"line":104,"column":20}},"loc":{"start":{"line":104,"column":20},"end":{"line":123,"column":7}},"line":104},"8":{"name":"(anonymous_8)","decl":{"start":{"line":125,"column":31},"end":{"line":125,"column":38}},"loc":{"start":{"line":125,"column":59},"end":{"line":210,"column":null}},"line":125},"9":{"name":"(anonymous_9)","decl":{"start":{"line":131,"column":51},"end":{"line":131,"column":57}},"loc":{"start":{"line":131,"column":57},"end":{"line":134,"column":14}},"line":131},"10":{"name":"(anonymous_10)","decl":{"start":{"line":137,"column":41},"end":{"line":137,"column":47}},"loc":{"start":{"line":137,"column":47},"end":{"line":137,"column":67}},"line":137},"11":{"name":"(anonymous_11)","decl":{"start":{"line":157,"column":37},"end":{"line":157,"column":38}},"loc":{"start":{"line":157,"column":51},"end":{"line":167,"column":17}},"line":157},"12":{"name":"(anonymous_12)","decl":{"start":{"line":159,"column":57},"end":{"line":159,"column":62}},"loc":{"start":{"line":159,"column":62},"end":{"line":159,"column":119}},"line":159},"13":{"name":"(anonymous_13)","decl":{"start":{"line":176,"column":46},"end":{"line":176,"column":47}},"loc":{"start":{"line":176,"column":62},"end":{"line":176,"column":70}},"line":176},"14":{"name":"(anonymous_14)","decl":{"start":{"line":181,"column":21},"end":{"line":181,"column":27}},"loc":{"start":{"line":181,"column":27},"end":{"line":185,"column":17}},"line":181},"15":{"name":"(anonymous_15)","decl":{"start":{"line":182,"column":48},"end":{"line":182,"column":53}},"loc":{"start":{"line":182,"column":53},"end":{"line":182,"column":88}},"line":182},"16":{"name":"(anonymous_16)","decl":{"start":{"line":198,"column":24},"end":{"line":198,"column":32}},"loc":{"start":{"line":198,"column":32},"end":{"line":198,"column":49}},"line":198},"17":{"name":"(anonymous_17)","decl":{"start":{"line":206,"column":24},"end":{"line":206,"column":32}},"loc":{"start":{"line":206,"column":32},"end":{"line":206,"column":51}},"line":206},"18":{"name":"(anonymous_18)","decl":{"start":{"line":212,"column":27},"end":{"line":212,"column":34}},"loc":{"start":{"line":212,"column":71},"end":{"line":259,"column":null}},"line":212},"19":{"name":"(anonymous_19)","decl":{"start":{"line":217,"column":48},"end":{"line":217,"column":54}},"loc":{"start":{"line":217,"column":54},"end":{"line":220,"column":10}},"line":217},"20":{"name":"(anonymous_20)","decl":{"start":{"line":247,"column":24},"end":{"line":247,"column":32}},"loc":{"start":{"line":247,"column":32},"end":{"line":247,"column":49}},"line":247},"21":{"name":"(anonymous_21)","decl":{"start":{"line":255,"column":24},"end":{"line":255,"column":32}},"loc":{"start":{"line":255,"column":32},"end":{"line":255,"column":49}},"line":255},"22":{"name":"(anonymous_22)","decl":{"start":{"line":262,"column":32},"end":{"line":262,"column":33}},"loc":{"start":{"line":262,"column":52},"end":{"line":272,"column":null}},"line":262},"23":{"name":"(anonymous_23)","decl":{"start":{"line":271,"column":20},"end":{"line":271,"column":28}},"loc":{"start":{"line":271,"column":28},"end":{"line":271,"column":45}},"line":271},"24":{"name":"(anonymous_24)","decl":{"start":{"line":274,"column":23},"end":{"line":274,"column":24}},"loc":{"start":{"line":274,"column":50},"end":{"line":304,"column":null}},"line":274},"25":{"name":"(anonymous_25)","decl":{"start":{"line":285,"column":24},"end":{"line":285,"column":32}},"loc":{"start":{"line":285,"column":32},"end":{"line":285,"column":50}},"line":285},"26":{"name":"(anonymous_26)","decl":{"start":{"line":299,"column":20},"end":{"line":299,"column":28}},"loc":{"start":{"line":299,"column":28},"end":{"line":299,"column":46}},"line":299},"27":{"name":"(anonymous_27)","decl":{"start":{"line":306,"column":30},"end":{"line":306,"column":31}},"loc":{"start":{"line":306,"column":49},"end":{"line":332,"column":null}},"line":306},"28":{"name":"(anonymous_28)","decl":{"start":{"line":314,"column":24},"end":{"line":314,"column":32}},"loc":{"start":{"line":314,"column":32},"end":{"line":314,"column":50}},"line":314},"29":{"name":"(anonymous_29)","decl":{"start":{"line":323,"column":42},"end":{"line":323,"column":47}},"loc":{"start":{"line":323,"column":47},"end":{"line":323,"column":65}},"line":323},"30":{"name":"(anonymous_30)","decl":{"start":{"line":334,"column":30},"end":{"line":334,"column":31}},"loc":{"start":{"line":334,"column":48},"end":{"line":381,"column":null}},"line":334},"31":{"name":"(anonymous_31)","decl":{"start":{"line":337,"column":25},"end":{"line":337,"column":26}},"loc":{"start":{"line":337,"column":42},"end":{"line":380,"column":9}},"line":337},"32":{"name":"(anonymous_32)","decl":{"start":{"line":402,"column":25},"end":{"line":402,"column":31}},"loc":{"start":{"line":402,"column":31},"end":{"line":402,"column":null}},"line":402},"33":{"name":"(anonymous_33)","decl":{"start":{"line":421,"column":29},"end":{"line":421,"column":35}},"loc":{"start":{"line":421,"column":35},"end":{"line":421,"column":null}},"line":421},"34":{"name":"(anonymous_34)","decl":{"start":{"line":434,"column":33},"end":{"line":434,"column":34}},"loc":{"start":{"line":434,"column":40},"end":{"line":434,"column":null}},"line":434},"35":{"name":"(anonymous_35)","decl":{"start":{"line":464,"column":38},"end":{"line":464,"column":39}},"loc":{"start":{"line":464,"column":54},"end":{"line":553,"column":25}},"line":464},"36":{"name":"(anonymous_36)","decl":{"start":{"line":475,"column":41},"end":{"line":475,"column":47}},"loc":{"start":{"line":475,"column":47},"end":{"line":475,"column":null}},"line":475},"37":{"name":"(anonymous_37)","decl":{"start":{"line":496,"column":66},"end":{"line":496,"column":null}},"loc":{"start":{"line":497,"column":52},"end":{"line":518,"column":null}},"line":497},"38":{"name":"(anonymous_38)","decl":{"start":{"line":502,"column":65},"end":{"line":502,"column":71}},"loc":{"start":{"line":502,"column":71},"end":{"line":502,"column":null}},"line":502},"39":{"name":"(anonymous_39)","decl":{"start":{"line":525,"column":65},"end":{"line":525,"column":66}},"loc":{"start":{"line":526,"column":52},"end":{"line":532,"column":null}},"line":526},"40":{"name":"(anonymous_40)","decl":{"start":{"line":528,"column":65},"end":{"line":528,"column":71}},"loc":{"start":{"line":528,"column":71},"end":{"line":528,"column":null}},"line":528},"41":{"name":"(anonymous_41)","decl":{"start":{"line":539,"column":65},"end":{"line":539,"column":66}},"loc":{"start":{"line":540,"column":52},"end":{"line":546,"column":null}},"line":540},"42":{"name":"(anonymous_42)","decl":{"start":{"line":542,"column":65},"end":{"line":542,"column":71}},"loc":{"start":{"line":542,"column":71},"end":{"line":542,"column":null}},"line":542},"43":{"name":"(anonymous_43)","decl":{"start":{"line":581,"column":38},"end":{"line":581,"column":39}},"loc":{"start":{"line":581,"column":45},"end":{"line":581,"column":null}},"line":581},"44":{"name":"(anonymous_44)","decl":{"start":{"line":582,"column":40},"end":{"line":582,"column":41}},"loc":{"start":{"line":582,"column":47},"end":{"line":582,"column":null}},"line":582},"45":{"name":"(anonymous_45)","decl":{"start":{"line":588,"column":37},"end":{"line":588,"column":43}},"loc":{"start":{"line":588,"column":43},"end":{"line":588,"column":null}},"line":588}},"branchMap":{"0":{"loc":{"start":{"line":58,"column":8},"end":{"line":61,"column":null}},"type":"if","locations":[{"start":{"line":58,"column":8},"end":{"line":61,"column":null}},{"start":{},"end":{}}],"line":58},"1":{"loc":{"start":{"line":70,"column":8},"end":{"line":81,"column":null}},"type":"if","locations":[{"start":{"line":70,"column":8},"end":{"line":81,"column":null}},{"start":{},"end":{}}],"line":70},"2":{"loc":{"start":{"line":70,"column":12},"end":{"line":70,"column":82}},"type":"binary-expr","locations":[{"start":{"line":70,"column":12},"end":{"line":70,"column":24}},{"start":{"line":70,"column":24},"end":{"line":70,"column":40}},{"start":{"line":70,"column":40},"end":{"line":70,"column":82}}],"line":70},"3":{"loc":{"start":{"line":85,"column":8},"end":{"line":101,"column":null}},"type":"if","locations":[{"start":{"line":85,"column":8},"end":{"line":101,"column":null}},{"start":{},"end":{}}],"line":85},"4":{"loc":{"start":{"line":85,"column":12},"end":{"line":85,"column":45}},"type":"binary-expr","locations":[{"start":{"line":85,"column":12},"end":{"line":85,"column":22}},{"start":{"line":85,"column":22},"end":{"line":85,"column":45}}],"line":85},"5":{"loc":{"start":{"line":105,"column":8},"end":{"line":122,"column":null}},"type":"if","locations":[{"start":{"line":105,"column":8},"end":{"line":122,"column":null}},{"start":{},"end":{}}],"line":105},"6":{"loc":{"start":{"line":108,"column":12},"end":{"line":121,"column":null}},"type":"if","locations":[{"start":{"line":108,"column":12},"end":{"line":121,"column":null}},{"start":{"line":115,"column":19},"end":{"line":121,"column":null}}],"line":108},"7":{"loc":{"start":{"line":132,"column":22},"end":{"line":132,"column":null}},"type":"cond-expr","locations":[{"start":{"line":132,"column":43},"end":{"line":132,"column":57}},{"start":{"line":132,"column":57},"end":{"line":132,"column":null}}],"line":132},"8":{"loc":{"start":{"line":151,"column":12},"end":{"line":151,"column":null}},"type":"if","locations":[{"start":{"line":151,"column":12},"end":{"line":151,"column":null}},{"start":{},"end":{}}],"line":151},"9":{"loc":{"start":{"line":156,"column":12},"end":{"line":168,"column":null}},"type":"if","locations":[{"start":{"line":156,"column":12},"end":{"line":168,"column":null}},{"start":{},"end":{}}],"line":156},"10":{"loc":{"start":{"line":156,"column":16},"end":{"line":156,"column":61}},"type":"binary-expr","locations":[{"start":{"line":156,"column":16},"end":{"line":156,"column":32}},{"start":{"line":156,"column":32},"end":{"line":156,"column":61}}],"line":156},"11":{"loc":{"start":{"line":158,"column":20},"end":{"line":166,"column":null}},"type":"if","locations":[{"start":{"line":158,"column":20},"end":{"line":166,"column":null}},{"start":{},"end":{}}],"line":158},"12":{"loc":{"start":{"line":159,"column":62},"end":{"line":159,"column":119}},"type":"binary-expr","locations":[{"start":{"line":159,"column":62},"end":{"line":159,"column":88}},{"start":{"line":159,"column":88},"end":{"line":159,"column":119}}],"line":159},"13":{"loc":{"start":{"line":160,"column":24},"end":{"line":165,"column":null}},"type":"if","locations":[{"start":{"line":160,"column":24},"end":{"line":165,"column":null}},{"start":{"line":163,"column":31},"end":{"line":165,"column":null}}],"line":160},"14":{"loc":{"start":{"line":171,"column":30},"end":{"line":171,"column":null}},"type":"binary-expr","locations":[{"start":{"line":171,"column":30},"end":{"line":171,"column":44}},{"start":{"line":171,"column":44},"end":{"line":171,"column":null}}],"line":171},"15":{"loc":{"start":{"line":182,"column":53},"end":{"line":182,"column":88}},"type":"binary-expr","locations":[{"start":{"line":182,"column":53},"end":{"line":182,"column":68}},{"start":{"line":182,"column":68},"end":{"line":182,"column":88}}],"line":182},"16":{"loc":{"start":{"line":183,"column":20},"end":{"line":183,"column":null}},"type":"if","locations":[{"start":{"line":183,"column":20},"end":{"line":183,"column":null}},{"start":{},"end":{}}],"line":183},"17":{"loc":{"start":{"line":190,"column":22},"end":{"line":190,"column":null}},"type":"binary-expr","locations":[{"start":{"line":190,"column":22},"end":{"line":190,"column":35}},{"start":{"line":190,"column":35},"end":{"line":190,"column":null}}],"line":190},"18":{"loc":{"start":{"line":193,"column":22},"end":{"line":193,"column":null}},"type":"cond-expr","locations":[{"start":{"line":193,"column":45},"end":{"line":193,"column":58}},{"start":{"line":193,"column":58},"end":{"line":193,"column":null}}],"line":193},"19":{"loc":{"start":{"line":193,"column":58},"end":{"line":193,"column":null}},"type":"cond-expr","locations":[{"start":{"line":193,"column":87},"end":{"line":193,"column":104}},{"start":{"line":193,"column":104},"end":{"line":193,"column":null}}],"line":193},"20":{"loc":{"start":{"line":194,"column":26},"end":{"line":194,"column":null}},"type":"cond-expr","locations":[{"start":{"line":194,"column":55},"end":{"line":194,"column":73}},{"start":{"line":194,"column":73},"end":{"line":194,"column":null}}],"line":194},"21":{"loc":{"start":{"line":195,"column":25},"end":{"line":195,"column":null}},"type":"cond-expr","locations":[{"start":{"line":195,"column":48},"end":{"line":195,"column":63}},{"start":{"line":195,"column":63},"end":{"line":195,"column":null}}],"line":195},"22":{"loc":{"start":{"line":218,"column":18},"end":{"line":218,"column":null}},"type":"cond-expr","locations":[{"start":{"line":218,"column":39},"end":{"line":218,"column":53}},{"start":{"line":218,"column":53},"end":{"line":218,"column":null}}],"line":218},"23":{"loc":{"start":{"line":232,"column":35},"end":{"line":232,"column":null}},"type":"cond-expr","locations":[{"start":{"line":232,"column":45},"end":{"line":232,"column":62}},{"start":{"line":232,"column":62},"end":{"line":232,"column":null}}],"line":232},"24":{"loc":{"start":{"line":233,"column":35},"end":{"line":233,"column":null}},"type":"cond-expr","locations":[{"start":{"line":233,"column":45},"end":{"line":233,"column":62}},{"start":{"line":233,"column":62},"end":{"line":233,"column":null}}],"line":233},"25":{"loc":{"start":{"line":234,"column":35},"end":{"line":234,"column":null}},"type":"cond-expr","locations":[{"start":{"line":234,"column":59},"end":{"line":234,"column":76}},{"start":{"line":234,"column":76},"end":{"line":234,"column":null}}],"line":234},"26":{"loc":{"start":{"line":234,"column":35},"end":{"line":234,"column":59}},"type":"binary-expr","locations":[{"start":{"line":234,"column":35},"end":{"line":234,"column":47}},{"start":{"line":234,"column":47},"end":{"line":234,"column":59}}],"line":234},"27":{"loc":{"start":{"line":236,"column":28},"end":{"line":236,"column":null}},"type":"binary-expr","locations":[{"start":{"line":236,"column":28},"end":{"line":236,"column":38}},{"start":{"line":236,"column":38},"end":{"line":236,"column":null}}],"line":236},"28":{"loc":{"start":{"line":243,"column":22},"end":{"line":243,"column":null}},"type":"binary-expr","locations":[{"start":{"line":243,"column":22},"end":{"line":243,"column":36}},{"start":{"line":243,"column":36},"end":{"line":243,"column":null}}],"line":243},"29":{"loc":{"start":{"line":275,"column":28},"end":{"line":275,"column":null}},"type":"binary-expr","locations":[{"start":{"line":275,"column":28},"end":{"line":275,"column":44}},{"start":{"line":275,"column":44},"end":{"line":275,"column":null}}],"line":275},"30":{"loc":{"start":{"line":276,"column":8},"end":{"line":276,"column":null}},"type":"if","locations":[{"start":{"line":276,"column":8},"end":{"line":276,"column":null}},{"start":{},"end":{}}],"line":276},"31":{"loc":{"start":{"line":276,"column":12},"end":{"line":276,"column":45}},"type":"binary-expr","locations":[{"start":{"line":276,"column":12},"end":{"line":276,"column":35}},{"start":{"line":276,"column":35},"end":{"line":276,"column":45}}],"line":276},"32":{"loc":{"start":{"line":279,"column":8},"end":{"line":289,"column":null}},"type":"if","locations":[{"start":{"line":279,"column":8},"end":{"line":289,"column":null}},{"start":{},"end":{}}],"line":279},"33":{"loc":{"start":{"line":286,"column":12},"end":{"line":286,"column":null}},"type":"if","locations":[{"start":{"line":286,"column":12},"end":{"line":286,"column":null}},{"start":{},"end":{}}],"line":286},"34":{"loc":{"start":{"line":300,"column":8},"end":{"line":300,"column":null}},"type":"if","locations":[{"start":{"line":300,"column":8},"end":{"line":300,"column":null}},{"start":{},"end":{}}],"line":300},"35":{"loc":{"start":{"line":308,"column":8},"end":{"line":318,"column":null}},"type":"if","locations":[{"start":{"line":308,"column":8},"end":{"line":318,"column":null}},{"start":{},"end":{}}],"line":308},"36":{"loc":{"start":{"line":321,"column":8},"end":{"line":329,"column":null}},"type":"if","locations":[{"start":{"line":321,"column":8},"end":{"line":329,"column":null}},{"start":{},"end":{}}],"line":321},"37":{"loc":{"start":{"line":324,"column":12},"end":{"line":327,"column":null}},"type":"if","locations":[{"start":{"line":324,"column":12},"end":{"line":327,"column":null}},{"start":{},"end":{}}],"line":324},"38":{"loc":{"start":{"line":335,"column":8},"end":{"line":335,"column":null}},"type":"if","locations":[{"start":{"line":335,"column":8},"end":{"line":335,"column":null}},{"start":{},"end":{}}],"line":335},"39":{"loc":{"start":{"line":340,"column":29},"end":{"line":340,"column":null}},"type":"binary-expr","locations":[{"start":{"line":340,"column":29},"end":{"line":340,"column":56}},{"start":{"line":340,"column":56},"end":{"line":340,"column":null}}],"line":340},"40":{"loc":{"start":{"line":342,"column":12},"end":{"line":346,"column":null}},"type":"if","locations":[{"start":{"line":342,"column":12},"end":{"line":346,"column":null}},{"start":{},"end":{}}],"line":342},"41":{"loc":{"start":{"line":345,"column":28},"end":{"line":345,"column":null}},"type":"cond-expr","locations":[{"start":{"line":345,"column":46},"end":{"line":345,"column":76}},{"start":{"line":345,"column":76},"end":{"line":345,"column":null}}],"line":345},"42":{"loc":{"start":{"line":357,"column":16},"end":{"line":357,"column":null}},"type":"if","locations":[{"start":{"line":357,"column":16},"end":{"line":357,"column":null}},{"start":{},"end":{}}],"line":357},"43":{"loc":{"start":{"line":362,"column":12},"end":{"line":362,"column":null}},"type":"if","locations":[{"start":{"line":362,"column":12},"end":{"line":362,"column":null}},{"start":{},"end":{}}],"line":362},"44":{"loc":{"start":{"line":364,"column":28},"end":{"line":364,"column":null}},"type":"cond-expr","locations":[{"start":{"line":364,"column":47},"end":{"line":364,"column":55}},{"start":{"line":364,"column":55},"end":{"line":364,"column":null}}],"line":364},"45":{"loc":{"start":{"line":366,"column":12},"end":{"line":373,"column":null}},"type":"if","locations":[{"start":{"line":366,"column":12},"end":{"line":373,"column":null}},{"start":{},"end":{}}],"line":366},"46":{"loc":{"start":{"line":376,"column":67},"end":{"line":376,"column":92}},"type":"cond-expr","locations":[{"start":{"line":376,"column":79},"end":{"line":376,"column":90}},{"start":{"line":376,"column":90},"end":{"line":376,"column":92}}],"line":376},"47":{"loc":{"start":{"line":404,"column":12},"end":{"line":404,"column":62}},"type":"cond-expr","locations":[{"start":{"line":404,"column":21},"end":{"line":404,"column":48}},{"start":{"line":404,"column":48},"end":{"line":404,"column":62}}],"line":404},"48":{"loc":{"start":{"line":406,"column":17},"end":{"line":411,"column":null}},"type":"cond-expr","locations":[{"start":{"line":407,"column":20},"end":{"line":409,"column":null}},{"start":{"line":411,"column":20},"end":{"line":411,"column":null}}],"line":406},"49":{"loc":{"start":{"line":418,"column":22},"end":{"line":418,"column":111}},"type":"cond-expr","locations":[{"start":{"line":418,"column":35},"end":{"line":418,"column":65}},{"start":{"line":418,"column":65},"end":{"line":418,"column":111}}],"line":418},"50":{"loc":{"start":{"line":444,"column":10},"end":{"line":444,"column":114}},"type":"cond-expr","locations":[{"start":{"line":444,"column":19},"end":{"line":444,"column":59}},{"start":{"line":444,"column":59},"end":{"line":444,"column":114}}],"line":444},"51":{"loc":{"start":{"line":465,"column":46},"end":{"line":465,"column":null}},"type":"binary-expr","locations":[{"start":{"line":465,"column":46},"end":{"line":465,"column":70}},{"start":{"line":465,"column":70},"end":{"line":465,"column":null}}],"line":465},"52":{"loc":{"start":{"line":466,"column":43},"end":{"line":466,"column":null}},"type":"cond-expr","locations":[{"start":{"line":466,"column":67},"end":{"line":466,"column":123}},{"start":{"line":466,"column":123},"end":{"line":466,"column":null}}],"line":466},"53":{"loc":{"start":{"line":466,"column":67},"end":{"line":466,"column":123}},"type":"binary-expr","locations":[{"start":{"line":466,"column":67},"end":{"line":466,"column":110}},{"start":{"line":466,"column":110},"end":{"line":466,"column":123}}],"line":466},"54":{"loc":{"start":{"line":467,"column":62},"end":{"line":467,"column":213}},"type":"cond-expr","locations":[{"start":{"line":467,"column":88},"end":{"line":467,"column":99}},{"start":{"line":467,"column":99},"end":{"line":467,"column":213}}],"line":467},"55":{"loc":{"start":{"line":467,"column":99},"end":{"line":467,"column":213}},"type":"cond-expr","locations":[{"start":{"line":467,"column":151},"end":{"line":467,"column":161}},{"start":{"line":467,"column":161},"end":{"line":467,"column":213}}],"line":467},"56":{"loc":{"start":{"line":467,"column":99},"end":{"line":467,"column":151}},"type":"binary-expr","locations":[{"start":{"line":467,"column":99},"end":{"line":467,"column":126}},{"start":{"line":467,"column":126},"end":{"line":467,"column":151}}],"line":467},"57":{"loc":{"start":{"line":467,"column":161},"end":{"line":467,"column":213}},"type":"cond-expr","locations":[{"start":{"line":467,"column":188},"end":{"line":467,"column":202}},{"start":{"line":467,"column":202},"end":{"line":467,"column":213}}],"line":467},"58":{"loc":{"start":{"line":476,"column":55},"end":{"line":476,"column":110}},"type":"cond-expr","locations":[{"start":{"line":476,"column":79},"end":{"line":476,"column":95}},{"start":{"line":476,"column":95},"end":{"line":476,"column":110}}],"line":476},"59":{"loc":{"start":{"line":479,"column":42},"end":{"line":481,"column":null}},"type":"cond-expr","locations":[{"start":{"line":480,"column":46},"end":{"line":480,"column":null}},{"start":{"line":481,"column":46},"end":{"line":481,"column":null}}],"line":479},"60":{"loc":{"start":{"line":485,"column":45},"end":{"line":489,"column":null}},"type":"binary-expr","locations":[{"start":{"line":485,"column":45},"end":{"line":485,"column":69}},{"start":{"line":485,"column":69},"end":{"line":485,"column":null}},{"start":{"line":486,"column":48},"end":{"line":489,"column":null}}],"line":485},"61":{"loc":{"start":{"line":494,"column":41},"end":{"line":520,"column":null}},"type":"binary-expr","locations":[{"start":{"line":494,"column":41},"end":{"line":494,"column":72}},{"start":{"line":494,"column":72},"end":{"line":494,"column":null}},{"start":{"line":495,"column":44},"end":{"line":520,"column":null}}],"line":494},"62":{"loc":{"start":{"line":523,"column":41},"end":{"line":534,"column":null}},"type":"binary-expr","locations":[{"start":{"line":523,"column":41},"end":{"line":523,"column":54}},{"start":{"line":523,"column":54},"end":{"line":523,"column":null}},{"start":{"line":524,"column":44},"end":{"line":534,"column":null}}],"line":523},"63":{"loc":{"start":{"line":537,"column":41},"end":{"line":548,"column":null}},"type":"binary-expr","locations":[{"start":{"line":537,"column":41},"end":{"line":537,"column":67}},{"start":{"line":537,"column":67},"end":{"line":537,"column":null}},{"start":{"line":538,"column":44},"end":{"line":548,"column":null}}],"line":537},"64":{"loc":{"start":{"line":554,"column":25},"end":{"line":570,"column":null}},"type":"binary-expr","locations":[{"start":{"line":554,"column":25},"end":{"line":554,"column":null}},{"start":{"line":555,"column":28},"end":{"line":570,"column":null}}],"line":554},"65":{"loc":{"start":{"line":582,"column":47},"end":{"line":582,"column":null}},"type":"binary-expr","locations":[{"start":{"line":582,"column":47},"end":{"line":582,"column":68}},{"start":{"line":582,"column":68},"end":{"line":582,"column":null}}],"line":582},"66":{"loc":{"start":{"line":589,"column":38},"end":{"line":589,"column":null}},"type":"binary-expr","locations":[{"start":{"line":589,"column":38},"end":{"line":589,"column":55}},{"start":{"line":589,"column":55},"end":{"line":589,"column":null}}],"line":589}},"s":{"0":0,"1":0,"2":0,"3":0,"4":0,"5":0,"6":0,"7":0,"8":0,"9":0,"10":0,"11":0,"12":0,"13":0,"14":0,"15":0,"16":0,"17":0,"18":0,"19":0,"20":0,"21":0,"22":0,"23":0,"24":0,"25":0,"26":0,"27":0,"28":0,"29":0,"30":0,"31":0,"32":0,"33":0,"34":0,"35":0,"36":0,"37":0,"38":0,"39":0,"40":0,"41":0,"42":0,"43":0,"44":0,"45":0,"46":0,"47":0,"48":0,"49":0,"50":0,"51":0,"52":0,"53":0,"54":0,"55":0,"56":0,"57":0,"58":0,"59":0,"60":0,"61":0,"62":0,"63":0,"64":0,"65":0,"66":0,"67":0,"68":0,"69":0,"70":0,"71":0,"72":0,"73":0,"74":0,"75":0,"76":0,"77":0,"78":0,"79":0,"80":0,"81":0,"82":0,"83":0,"84":0,"85":0,"86":0,"87":0,"88":0,"89":0,"90":0,"91":0,"92":0,"93":0,"94":0,"95":0,"96":0,"97":0,"98":0,"99":0,"100":0,"101":0,"102":0,"103":0,"104":0,"105":0,"106":0,"107":0,"108":0,"109":0,"110":0,"111":0,"112":0,"113":0,"114":0,"115":0,"116":0,"117":0,"118":0,"119":0,"120":0,"121":0,"122":0,"123":0,"124":0,"125":0,"126":0,"127":0,"128":0,"129":0,"130":0,"131":0,"132":0,"133":0,"134":0,"135":0,"136":0,"137":0,"138":0,"139":0,"140":0,"141":0,"142":0,"143":0,"144":0,"145":0,"146":0,"147":0,"148":0,"149":0,"150":0,"151":0,"152":0,"153":0,"154":0,"155":0,"156":0,"157":0,"158":0,"159":0,"160":0,"161":0,"162":0,"163":0,"164":0,"165":0,"166":0,"167":0,"168":0,"169":0,"170":0,"171":0,"172":0,"173":0,"174":0,"175":0,"176":0,"177":0,"178":0,"179":0,"180":0,"181":0,"182":0,"183":0,"184":0,"185":0,"186":0,"187":0,"188":0,"189":0,"190":0,"191":0,"192":0,"193":0,"194":0,"195":0,"196":0},"f":{"0":0,"1":0,"2":0,"3":0,"4":0,"5":0,"6":0,"7":0,"8":0,"9":0,"10":0,"11":0,"12":0,"13":0,"14":0,"15":0,"16":0,"17":0,"18":0,"19":0,"20":0,"21":0,"22":0,"23":0,"24":0,"25":0,"26":0,"27":0,"28":0,"29":0,"30":0,"31":0,"32":0,"33":0,"34":0,"35":0,"36":0,"37":0,"38":0,"39":0,"40":0,"41":0,"42":0,"43":0,"44":0,"45":0},"b":{"0":[0,0],"1":[0,0],"2":[0,0,0],"3":[0,0],"4":[0,0],"5":[0,0],"6":[0,0],"7":[0,0],"8":[0,0],"9":[0,0],"10":[0,0],"11":[0,0],"12":[0,0],"13":[0,0],"14":[0,0],"15":[0,0],"16":[0,0],"17":[0,0],"18":[0,0],"19":[0,0],"20":[0,0],"21":[0,0],"22":[0,0],"23":[0,0],"24":[0,0],"25":[0,0],"26":[0,0],"27":[0,0],"28":[0,0],"29":[0,0],"30":[0,0],"31":[0,0],"32":[0,0],"33":[0,0],"34":[0,0],"35":[0,0],"36":[0,0],"37":[0,0],"38":[0,0],"39":[0,0],"40":[0,0],"41":[0,0],"42":[0,0],"43":[0,0],"44":[0,0],"45":[0,0],"46":[0,0],"47":[0,0],"48":[0,0],"49":[0,0],"50":[0,0],"51":[0,0],"52":[0,0],"53":[0,0],"54":[0,0],"55":[0,0],"56":[0,0],"57":[0,0],"58":[0,0],"59":[0,0],"60":[0,0,0],"61":[0,0,0],"62":[0,0,0],"63":[0,0,0],"64":[0,0],"65":[0,0],"66":[0,0]},"meta":{"lastBranch":67,"lastFunction":46,"lastStatement":197,"seen":{"s:19:19:599:Infinity":0,"f:19:19:19:25":0,"s:20:28:20:Infinity":1,"s:21:26:21:Infinity":2,"s:22:32:22:Infinity":3,"s:23:21:23:Infinity":4,"s:24:22:24:Infinity":5,"s:25:10:25:Infinity":6,"s:26:32:26:Infinity":7,"s:27:10:27:Infinity":8,"s:28:10:28:Infinity":9,"s:29:36:29:Infinity":10,"s:30:36:30:Infinity":11,"s:32:44:32:Infinity":12,"s:33:10:33:Infinity":13,"s:34:36:34:Infinity":14,"s:36:27:40:Infinity":15,"s:42:28:48:Infinity":16,"s:50:26:55:Infinity":17,"s:57:4:62:Infinity":18,"f:57:14:57:20":1,"b:58:8:61:Infinity:undefined:undefined:undefined:undefined":0,"s:58:8:61:Infinity":19,"s:59:12:59:Infinity":20,"s:60:12:60:Infinity":21,"s:64:4:82:Infinity":22,"f:64:14:64:20":2,"s:66:27:66:Infinity":23,"s:67:20:67:Infinity":24,"s:68:26:68:Infinity":25,"b:70:8:81:Infinity:undefined:undefined:undefined:undefined":1,"s:70:8:81:Infinity":26,"b:70:12:70:24:70:24:70:40:70:40:70:82":2,"s:71:26:78:Infinity":27,"f:71:37:71:43":3,"s:72:16:72:Infinity":28,"s:73:16:73:Infinity":29,"s:74:16:74:Infinity":30,"s:77:16:77:Infinity":31,"f:77:27:77:33":4,"s:77:33:77:55":32,"s:80:12:80:Infinity":33,"f:80:19:80:25":5,"s:80:25:80:Infinity":34,"s:84:4:102:Infinity":35,"f:84:14:84:20":6,"b:85:8:101:Infinity:undefined:undefined:undefined:undefined":3,"s:85:8:101:Infinity":36,"b:85:12:85:22:85:22:85:45":4,"s:86:12:100:Infinity":37,"s:104:4:123:Infinity":38,"f:104:14:104:20":7,"b:105:8:122:Infinity:undefined:undefined:undefined:undefined":5,"s:105:8:122:Infinity":39,"s:106:30:106:Infinity":40,"b:108:12:121:Infinity:115:19:121:Infinity":6,"s:108:12:121:Infinity":41,"s:111:16:114:Infinity":42,"s:117:16:120:Infinity":43,"s:125:31:210:Infinity":44,"f:125:31:125:38":8,"s:126:8:209:Infinity":45,"s:127:12:127:Infinity":46,"s:128:12:128:Infinity":47,"s:131:28:134:Infinity":48,"f:131:51:131:57":9,"s:131:57:134:14":49,"b:132:43:132:57:132:57:132:Infinity":7,"s:136:31:136:Infinity":50,"s:137:30:137:Infinity":51,"f:137:41:137:47":10,"s:137:47:137:67":52,"s:139:29:148:Infinity":53,"s:150:12:150:Infinity":54,"b:151:12:151:Infinity:undefined:undefined:undefined:undefined":8,"s:151:12:151:Infinity":55,"s:151:30:151:Infinity":56,"s:153:25:153:Infinity":57,"b:156:12:168:Infinity:undefined:undefined:undefined:undefined":9,"s:156:12:168:Infinity":58,"b:156:16:156:32:156:32:156:61":10,"s:157:16:167:Infinity":59,"f:157:37:157:38":11,"b:158:20:166:Infinity:undefined:undefined:undefined:undefined":11,"s:158:20:166:Infinity":60,"s:159:43:159:Infinity":61,"f:159:57:159:62":12,"s:159:62:159:119":62,"b:159:62:159:88:159:88:159:119":12,"b:160:24:165:Infinity:163:31:165:Infinity":13,"s:160:24:165:Infinity":63,"s:161:28:161:Infinity":64,"s:162:28:162:Infinity":65,"s:164:28:164:Infinity":66,"s:170:33:170:Infinity":67,"s:171:30:171:Infinity":68,"b:171:30:171:44:171:44:171:Infinity":14,"s:174:33:174:Infinity":69,"s:175:31:175:Infinity":70,"s:176:31:176:Infinity":71,"f:176:46:176:47":13,"s:176:62:176:70":72,"s:178:30:178:Infinity":73,"s:180:36:186:Infinity":74,"f:181:21:181:27":14,"s:182:34:182:Infinity":75,"f:182:48:182:53":15,"s:182:53:182:88":76,"b:182:53:182:68:182:68:182:88":15,"b:183:20:183:Infinity:undefined:undefined:undefined:undefined":16,"s:183:20:183:Infinity":77,"s:183:32:183:Infinity":78,"s:184:20:184:Infinity":79,"s:188:36:196:Infinity":80,"b:190:22:190:35:190:35:190:Infinity":17,"b:193:45:193:58:193:58:193:Infinity":18,"b:193:87:193:104:193:104:193:Infinity":19,"b:194:55:194:73:194:73:194:Infinity":20,"b:195:48:195:63:195:63:195:Infinity":21,"s:198:12:198:Infinity":81,"f:198:24:198:32":16,"s:198:32:198:49":82,"s:200:12:200:Infinity":83,"s:201:38:205:Infinity":84,"s:206:12:206:Infinity":85,"f:206:24:206:32":17,"s:206:32:206:51":86,"s:208:12:208:Infinity":87,"s:212:27:259:Infinity":88,"f:212:27:212:34":18,"s:213:8:213:Infinity":89,"s:214:8:214:Infinity":90,"s:215:8:215:Infinity":91,"s:217:24:220:Infinity":92,"f:217:48:217:54":19,"s:217:54:220:10":93,"b:218:39:218:53:218:53:218:Infinity":22,"s:223:24:223:Infinity":94,"s:224:24:224:Infinity":95,"s:226:8:258:Infinity":96,"s:227:29:239:Infinity":97,"b:232:45:232:62:232:62:232:Infinity":23,"b:233:45:233:62:233:62:233:Infinity":24,"b:234:59:234:76:234:76:234:Infinity":25,"b:234:35:234:47:234:47:234:59":26,"b:236:28:236:38:236:38:236:Infinity":27,"s:240:25:240:Infinity":98,"s:241:36:246:Infinity":99,"b:243:22:243:36:243:36:243:Infinity":28,"s:247:12:247:Infinity":100,"f:247:24:247:32":20,"s:247:32:247:49":101,"s:249:36:254:Infinity":102,"s:255:12:255:Infinity":103,"f:255:24:255:32":21,"s:255:32:255:49":104,"s:257:12:257:Infinity":105,"s:262:32:272:Infinity":106,"f:262:32:262:33":22,"s:263:8:263:Infinity":107,"s:264:8:264:Infinity":108,"s:265:32:270:Infinity":109,"s:271:8:271:Infinity":110,"f:271:20:271:28":23,"s:271:28:271:45":111,"s:274:23:304:Infinity":112,"f:274:23:274:24":24,"s:275:28:275:Infinity":113,"b:275:28:275:44:275:44:275:Infinity":29,"b:276:8:276:Infinity:undefined:undefined:undefined:undefined":30,"s:276:8:276:Infinity":114,"b:276:12:276:35:276:35:276:45":31,"s:276:45:276:Infinity":115,"b:279:8:289:Infinity:undefined:undefined:undefined:undefined":32,"s:279:8:289:Infinity":116,"s:280:37:284:Infinity":117,"s:285:12:285:Infinity":118,"f:285:24:285:32":25,"s:285:32:285:50":119,"b:286:12:286:Infinity:undefined:undefined:undefined:undefined":33,"s:286:12:286:Infinity":120,"s:286:31:286:Infinity":121,"s:287:12:287:Infinity":122,"s:288:12:288:Infinity":123,"s:291:8:291:Infinity":124,"s:293:33:297:Infinity":125,"s:299:8:299:Infinity":126,"f:299:20:299:28":26,"s:299:28:299:46":127,"b:300:8:300:Infinity:undefined:undefined:undefined:undefined":34,"s:300:8:300:Infinity":128,"s:300:27:300:Infinity":129,"s:302:8:302:Infinity":130,"s:303:8:303:Infinity":131,"s:306:30:332:Infinity":132,"f:306:30:306:31":27,"b:308:8:318:Infinity:undefined:undefined:undefined:undefined":35,"s:308:8:318:Infinity":133,"s:309:37:313:Infinity":134,"s:314:12:314:Infinity":135,"f:314:24:314:32":28,"s:314:32:314:50":136,"s:315:12:315:Infinity":137,"s:316:12:316:Infinity":138,"s:317:12:317:Infinity":139,"b:321:8:329:Infinity:undefined:undefined:undefined:undefined":36,"s:321:8:329:Infinity":140,"s:322:30:322:Infinity":141,"s:323:28:323:Infinity":142,"f:323:42:323:47":29,"s:323:47:323:65":143,"b:324:12:327:Infinity:undefined:undefined:undefined:undefined":37,"s:324:12:327:Infinity":144,"s:325:16:325:Infinity":145,"s:326:16:326:Infinity":146,"s:328:12:328:Infinity":147,"s:331:8:331:Infinity":148,"s:334:30:381:Infinity":149,"f:334:30:334:31":30,"b:335:8:335:Infinity:undefined:undefined:undefined:undefined":38,"s:335:8:335:Infinity":150,"s:335:19:335:Infinity":151,"s:336:22:336:Infinity":152,"s:337:8:380:Infinity":153,"f:337:25:337:26":31,"s:338:28:338:Infinity":154,"s:340:29:340:Infinity":155,"b:340:29:340:56:340:56:340:Infinity":39,"s:341:28:341:Infinity":156,"b:342:12:346:Infinity:undefined:undefined:undefined:undefined":40,"s:342:12:346:Infinity":157,"s:344:33:344:Infinity":158,"s:345:16:345:Infinity":159,"b:345:46:345:76:345:76:345:Infinity":41,"s:349:45:349:Infinity":160,"s:350:28:350:Infinity":161,"s:351:30:351:Infinity":162,"s:354:12:360:Infinity":163,"s:355:31:355:Infinity":164,"s:356:33:356:Infinity":165,"b:357:16:357:Infinity:undefined:undefined:undefined:undefined":42,"s:357:16:357:Infinity":166,"s:357:28:357:Infinity":167,"s:358:16:358:Infinity":168,"s:359:16:359:Infinity":169,"s:361:26:361:Infinity":170,"b:362:12:362:Infinity:undefined:undefined:undefined:undefined":43,"s:362:12:362:Infinity":171,"s:362:23:362:Infinity":172,"s:364:28:364:Infinity":173,"b:364:47:364:55:364:55:364:Infinity":44,"b:366:12:373:Infinity:undefined:undefined:undefined:undefined":45,"s:366:12:373:Infinity":174,"s:367:16:371:Infinity":175,"s:375:12:378:Infinity":176,"b:376:79:376:90:376:90:376:92":46,"s:383:4:597:Infinity":177,"f:402:25:402:31":32,"s:402:31:402:Infinity":178,"b:404:21:404:48:404:48:404:62":47,"b:407:20:409:Infinity:411:20:411:Infinity":48,"b:418:35:418:65:418:65:418:111":49,"f:421:29:421:35":33,"s:421:37:421:54":179,"s:421:54:421:76":180,"f:434:33:434:34":34,"s:434:42:434:63":181,"s:434:63:434:85":182,"b:444:19:444:59:444:59:444:114":50,"f:464:38:464:39":35,"s:465:46:465:Infinity":183,"b:465:46:465:70:465:70:465:Infinity":51,"s:466:43:466:Infinity":184,"b:466:67:466:123:466:123:466:Infinity":52,"b:466:67:466:110:466:110:466:123":53,"s:467:48:467:Infinity":185,"b:467:88:467:99:467:99:467:213":54,"b:467:151:467:161:467:161:467:213":55,"b:467:99:467:126:467:126:467:151":56,"b:467:188:467:202:467:202:467:213":57,"s:469:28:551:Infinity":186,"f:475:41:475:47":36,"s:475:47:475:Infinity":187,"b:476:79:476:95:476:95:476:110":58,"b:480:46:480:Infinity:481:46:481:Infinity":59,"b:485:45:485:69:485:69:485:Infinity:486:48:489:Infinity":60,"b:494:41:494:72:494:72:494:Infinity:495:44:520:Infinity":61,"f:496:66:496:Infinity":37,"s:497:52:518:Infinity":188,"f:502:65:502:71":38,"s:502:71:502:Infinity":189,"b:523:41:523:54:523:54:523:Infinity:524:44:534:Infinity":62,"f:525:65:525:66":39,"s:526:52:532:Infinity":190,"f:528:65:528:71":40,"s:528:71:528:Infinity":191,"b:537:41:537:67:537:67:537:Infinity:538:44:548:Infinity":63,"f:539:65:539:66":41,"s:540:52:546:Infinity":192,"f:542:65:542:71":42,"s:542:71:542:Infinity":193,"b:554:25:554:Infinity:555:28:570:Infinity":64,"f:581:38:581:39":43,"s:581:45:581:Infinity":194,"f:582:40:582:41":44,"s:582:47:582:Infinity":195,"b:582:47:582:68:582:68:582:Infinity":65,"f:588:37:588:43":45,"s:588:43:588:Infinity":196,"b:589:38:589:55:589:55:589:Infinity":66},"fnNames":{}}}
,"C:\\Users\\santh\\OneDrive - WisRight Technologies Private Limited\\Pictures\\Kottravai-main\\src\\components\\ErrorBoundary.tsx": {"path":"C:\\Users\\santh\\OneDrive - WisRight Technologies Private Limited\\Pictures\\Kottravai-main\\src\\components\\ErrorBoundary.tsx","statementMap":{"0":{"start":{"line":14,"column":4},"end":{"line":14,"column":null}},"1":{"start":{"line":15,"column":4},"end":{"line":15,"column":null}},"2":{"start":{"line":20,"column":4},"end":{"line":20,"column":null}},"3":{"start":{"line":25,"column":4},"end":{"line":25,"column":null}},"4":{"start":{"line":29,"column":4},"end":{"line":65,"column":null}},"5":{"start":{"line":31,"column":6},"end":{"line":63,"column":null}},"6":{"start":{"line":43,"column":39},"end":{"line":43,"column":null}},"7":{"start":{"line":67,"column":4},"end":{"line":67,"column":null}}},"fnMap":{"0":{"name":"constructor","decl":{"start":{"line":13,"column":2},"end":{"line":13,"column":14}},"loc":{"start":{"line":13,"column":28},"end":{"line":16,"column":null}},"line":13},"1":{"name":"getDerivedStateFromError","decl":{"start":{"line":18,"column":9},"end":{"line":18,"column":34}},"loc":{"start":{"line":18,"column":55},"end":{"line":21,"column":null}},"line":18},"2":{"name":"componentDidCatch","decl":{"start":{"line":23,"column":2},"end":{"line":23,"column":20}},"loc":{"start":{"line":23,"column":56},"end":{"line":26,"column":null}},"line":23},"3":{"name":"render","decl":{"start":{"line":28,"column":2},"end":{"line":28,"column":11}},"loc":{"start":{"line":28,"column":11},"end":{"line":68,"column":null}},"line":28},"4":{"name":"(anonymous_4)","decl":{"start":{"line":43,"column":33},"end":{"line":43,"column":39}},"loc":{"start":{"line":43,"column":39},"end":{"line":43,"column":null}},"line":43}},"branchMap":{"0":{"loc":{"start":{"line":29,"column":4},"end":{"line":65,"column":null}},"type":"if","locations":[{"start":{"line":29,"column":4},"end":{"line":65,"column":null}},{"start":{},"end":{}}],"line":29},"1":{"loc":{"start":{"line":55,"column":17},"end":{"line":60,"column":null}},"type":"binary-expr","locations":[{"start":{"line":55,"column":17},"end":{"line":55,"column":null}},{"start":{"line":56,"column":20},"end":{"line":60,"column":null}}],"line":55}},"s":{"0":0,"1":0,"2":0,"3":0,"4":0,"5":0,"6":0,"7":0},"f":{"0":0,"1":0,"2":0,"3":0,"4":0},"b":{"0":[0,0],"1":[0,0]},"meta":{"lastBranch":2,"lastFunction":5,"lastStatement":8,"seen":{"f:13:2:13:14":0,"s:14:4:14:Infinity":0,"s:15:4:15:Infinity":1,"f:18:9:18:34":1,"s:20:4:20:Infinity":2,"f:23:2:23:20":2,"s:25:4:25:Infinity":3,"f:28:2:28:11":3,"b:29:4:65:Infinity:undefined:undefined:undefined:undefined":0,"s:29:4:65:Infinity":4,"s:31:6:63:Infinity":5,"f:43:33:43:39":4,"s:43:39:43:Infinity":6,"b:55:17:55:Infinity:56:20:60:Infinity":1,"s:67:4:67:Infinity":7},"fnNames":{}}}
,"C:\\Users\\santh\\OneDrive - WisRight Technologies Private Limited\\Pictures\\Kottravai-main\\src\\components\\Footer.tsx": {"path":"C:\\Users\\santh\\OneDrive - WisRight Technologies Private Limited\\Pictures\\Kottravai-main\\src\\components\\Footer.tsx","statementMap":{"0":{"start":{"line":5,"column":15},"end":{"line":130,"column":null}},"1":{"start":{"line":6,"column":42},"end":{"line":6,"column":null}},"2":{"start":{"line":8,"column":4},"end":{"line":19,"column":null}},"3":{"start":{"line":9,"column":28},"end":{"line":15,"column":null}},"4":{"start":{"line":10,"column":12},"end":{"line":14,"column":null}},"5":{"start":{"line":11,"column":16},"end":{"line":11,"column":null}},"6":{"start":{"line":13,"column":16},"end":{"line":13,"column":null}},"7":{"start":{"line":17,"column":8},"end":{"line":17,"column":null}},"8":{"start":{"line":18,"column":8},"end":{"line":18,"column":null}},"9":{"start":{"line":18,"column":21},"end":{"line":18,"column":null}},"10":{"start":{"line":21,"column":24},"end":{"line":23,"column":null}},"11":{"start":{"line":22,"column":8},"end":{"line":22,"column":null}},"12":{"start":{"line":25,"column":4},"end":{"line":128,"column":null}}},"fnMap":{"0":{"name":"(anonymous_0)","decl":{"start":{"line":5,"column":15},"end":{"line":5,"column":21}},"loc":{"start":{"line":5,"column":21},"end":{"line":130,"column":null}},"line":5},"1":{"name":"(anonymous_1)","decl":{"start":{"line":8,"column":14},"end":{"line":8,"column":20}},"loc":{"start":{"line":8,"column":20},"end":{"line":19,"column":7}},"line":8},"2":{"name":"(anonymous_2)","decl":{"start":{"line":9,"column":28},"end":{"line":9,"column":34}},"loc":{"start":{"line":9,"column":34},"end":{"line":15,"column":null}},"line":9},"3":{"name":"(anonymous_3)","decl":{"start":{"line":18,"column":15},"end":{"line":18,"column":21}},"loc":{"start":{"line":18,"column":21},"end":{"line":18,"column":null}},"line":18},"4":{"name":"(anonymous_4)","decl":{"start":{"line":21,"column":24},"end":{"line":21,"column":30}},"loc":{"start":{"line":21,"column":30},"end":{"line":23,"column":null}},"line":21}},"branchMap":{"0":{"loc":{"start":{"line":10,"column":12},"end":{"line":14,"column":null}},"type":"if","locations":[{"start":{"line":10,"column":12},"end":{"line":14,"column":null}},{"start":{"line":12,"column":19},"end":{"line":14,"column":null}}],"line":10},"1":{"loc":{"start":{"line":119,"column":13},"end":{"line":126,"column":null}},"type":"binary-expr","locations":[{"start":{"line":119,"column":13},"end":{"line":119,"column":null}},{"start":{"line":120,"column":16},"end":{"line":126,"column":null}}],"line":119}},"s":{"0":0,"1":0,"2":0,"3":0,"4":0,"5":0,"6":0,"7":0,"8":0,"9":0,"10":0,"11":0,"12":0},"f":{"0":0,"1":0,"2":0,"3":0,"4":0},"b":{"0":[0,0],"1":[0,0]},"meta":{"lastBranch":2,"lastFunction":5,"lastStatement":13,"seen":{"s:5:15:130:Infinity":0,"f:5:15:5:21":0,"s:6:42:6:Infinity":1,"s:8:4:19:Infinity":2,"f:8:14:8:20":1,"s:9:28:15:Infinity":3,"f:9:28:9:34":2,"b:10:12:14:Infinity:12:19:14:Infinity":0,"s:10:12:14:Infinity":4,"s:11:16:11:Infinity":5,"s:13:16:13:Infinity":6,"s:17:8:17:Infinity":7,"s:18:8:18:Infinity":8,"f:18:15:18:21":3,"s:18:21:18:Infinity":9,"s:21:24:23:Infinity":10,"f:21:24:21:30":4,"s:22:8:22:Infinity":11,"s:25:4:128:Infinity":12,"b:119:13:119:Infinity:120:16:126:Infinity":1},"fnNames":{}}}
,"C:\\Users\\santh\\OneDrive - WisRight Technologies Private Limited\\Pictures\\Kottravai-main\\src\\components\\FriendsModal.tsx": {"path":"C:\\Users\\santh\\OneDrive - WisRight Technologies Private Limited\\Pictures\\Kottravai-main\\src\\components\\FriendsModal.tsx","statementMap":{"0":{"start":{"line":13,"column":50},"end":{"line":245,"column":null}},"1":{"start":{"line":14,"column":32},"end":{"line":20,"column":null}},"2":{"start":{"line":22,"column":28},"end":{"line":22,"column":null}},"3":{"start":{"line":24,"column":25},"end":{"line":48,"column":null}},"4":{"start":{"line":25,"column":8},"end":{"line":25,"column":null}},"5":{"start":{"line":26,"column":8},"end":{"line":26,"column":null}},"6":{"start":{"line":28,"column":8},"end":{"line":47,"column":null}},"7":{"start":{"line":29,"column":12},"end":{"line":36,"column":null}},"8":{"start":{"line":38,"column":12},"end":{"line":38,"column":null}},"9":{"start":{"line":39,"column":12},"end":{"line":43,"column":null}},"10":{"start":{"line":40,"column":16},"end":{"line":40,"column":null}},"11":{"start":{"line":41,"column":16},"end":{"line":41,"column":null}},"12":{"start":{"line":42,"column":16},"end":{"line":42,"column":null}},"13":{"start":{"line":45,"column":12},"end":{"line":45,"column":null}},"14":{"start":{"line":46,"column":12},"end":{"line":46,"column":null}},"15":{"start":{"line":50,"column":4},"end":{"line":243,"column":null}},"16":{"start":{"line":135,"column":61},"end":{"line":135,"column":null}},"17":{"start":{"line":153,"column":61},"end":{"line":153,"column":null}},"18":{"start":{"line":171,"column":61},"end":{"line":171,"column":null}},"19":{"start":{"line":187,"column":61},"end":{"line":187,"column":null}},"20":{"start":{"line":215,"column":61},"end":{"line":215,"column":null}}},"fnMap":{"0":{"name":"(anonymous_0)","decl":{"start":{"line":13,"column":50},"end":{"line":13,"column":51}},"loc":{"start":{"line":13,"column":75},"end":{"line":245,"column":null}},"line":13},"1":{"name":"(anonymous_1)","decl":{"start":{"line":24,"column":25},"end":{"line":24,"column":32}},"loc":{"start":{"line":24,"column":55},"end":{"line":48,"column":null}},"line":24},"2":{"name":"(anonymous_2)","decl":{"start":{"line":39,"column":23},"end":{"line":39,"column":29}},"loc":{"start":{"line":39,"column":29},"end":{"line":43,"column":15}},"line":39},"3":{"name":"(anonymous_3)","decl":{"start":{"line":135,"column":54},"end":{"line":135,"column":55}},"loc":{"start":{"line":135,"column":61},"end":{"line":135,"column":null}},"line":135},"4":{"name":"(anonymous_4)","decl":{"start":{"line":153,"column":54},"end":{"line":153,"column":55}},"loc":{"start":{"line":153,"column":61},"end":{"line":153,"column":null}},"line":153},"5":{"name":"(anonymous_5)","decl":{"start":{"line":171,"column":54},"end":{"line":171,"column":55}},"loc":{"start":{"line":171,"column":61},"end":{"line":171,"column":null}},"line":171},"6":{"name":"(anonymous_6)","decl":{"start":{"line":187,"column":54},"end":{"line":187,"column":55}},"loc":{"start":{"line":187,"column":61},"end":{"line":187,"column":null}},"line":187},"7":{"name":"(anonymous_7)","decl":{"start":{"line":215,"column":54},"end":{"line":215,"column":55}},"loc":{"start":{"line":215,"column":61},"end":{"line":215,"column":null}},"line":215}},"branchMap":{"0":{"loc":{"start":{"line":32,"column":23},"end":{"line":32,"column":null}},"type":"binary-expr","locations":[{"start":{"line":32,"column":23},"end":{"line":32,"column":48}},{"start":{"line":32,"column":48},"end":{"line":32,"column":null}}],"line":32},"1":{"loc":{"start":{"line":33,"column":30},"end":{"line":33,"column":null}},"type":"binary-expr","locations":[{"start":{"line":33,"column":30},"end":{"line":33,"column":60}},{"start":{"line":33,"column":60},"end":{"line":33,"column":null}}],"line":33},"2":{"loc":{"start":{"line":52,"column":13},"end":{"line":241,"column":null}},"type":"binary-expr","locations":[{"start":{"line":52,"column":13},"end":{"line":52,"column":null}},{"start":{"line":53,"column":16},"end":{"line":241,"column":null}}],"line":52},"3":{"loc":{"start":{"line":226,"column":37},"end":{"line":229,"column":null}},"type":"cond-expr","locations":[{"start":{"line":227,"column":40},"end":{"line":227,"column":null}},{"start":{"line":229,"column":40},"end":{"line":229,"column":null}}],"line":226}},"s":{"0":0,"1":0,"2":0,"3":0,"
[...]
,"end":{"line":8,"column":46}}],"line":7},"5":{"loc":{"start":{"line":7,"column":11},"end":{"line":7,"column":60}},"type":"binary-expr","locations":[{"start":{"line":7,"column":11},"end":{"line":7,"column":33}},{"start":{"line":7,"column":37},"end":{"line":7,"column":60}}],"line":7},"6":{"loc":{"start":{"line":8,"column":7},"end":{"line":8,"column":46}},"type":"if","locations":[{"start":{"line":8,"column":7},"end":{"line":8,"column":46}},{"start":{},"end":{}}],"line":8},"7":{"loc":{"start":{"line":13,"column":13},"end":{"line":13,"column":38}},"type":"binary-expr","locations":[{"start":{"line":13,"column":13},"end":{"line":13,"column":32}},{"start":{"line":13,"column":36},"end":{"line":13,"column":38}}],"line":13},"8":{"loc":{"start":{"line":14,"column":2},"end":{"line":14,"column":48}},"type":"if","locations":[{"start":{"line":14,"column":2},"end":{"line":14,"column":48}},{"start":{},"end":{}}],"line":14},"9":{"loc":{"start":{"line":15,"column":2},"end":{"line":15,"column":47}},"type":"if","locations":[{"start":{"line":15,"column":2},"end":{"line":15,"column":47}},{"start":{},"end":{}}],"line":15},"10":{"loc":{"start":{"line":23,"column":18},"end":{"line":23,"column":58}},"type":"binary-expr","locations":[{"start":{"line":23,"column":18},"end":{"line":23,"column":52}},{"start":{"line":23,"column":56},"end":{"line":23,"column":58}}],"line":23},"11":{"loc":{"start":{"line":24,"column":18},"end":{"line":24,"column":58}},"type":"binary-expr","locations":[{"start":{"line":24,"column":18},"end":{"line":24,"column":52}},{"start":{"line":24,"column":56},"end":{"line":24,"column":58}}],"line":24},"12":{"loc":{"start":{"line":25,"column":20},"end":{"line":25,"column":62}},"type":"binary-expr","locations":[{"start":{"line":25,"column":20},"end":{"line":25,"column":56}},{"start":{"line":25,"column":60},"end":{"line":25,"column":62}}],"line":25}},"s":{"0":0,"1":0,"2":0,"3":0,"4":0,"5":0,"6":0,"7":0,"8":0,"9":0,"10":0,"11":0,"12":0,"13":0,"14":0,"15":0,"16":0,"17":0,"18":0,"19":0,"20":0,"21":0},"f":{"0":0,"1":0,"2":0,"3":0},"b":{"0":[0,0],"1":[0,0],"2":[0,0],"3":[0,0],"4":[0,0],"5":[0,0],"6":[0,0],"7":[0,0],"8":[0,0],"9":[0,0],"10":[0,0],"11":[0,0],"12":[0,0]},"meta":{"lastBranch":13,"lastFunction":4,"lastStatement":22,"seen":{"f:2:16:2:30":0,"s:3:13:3:38":0,"b:3:13:3:32:3:36:3:38":0,"s:4:13:4:22":1,"b:5:2:8:46:6:7:8:46":1,"s:5:2:8:46":2,"s:5:31:5:48":3,"b:6:7:8:46:7:7:8:46":2,"s:6:7:8:46":4,"b:6:11:6:33:6:37:6:57":3,"s:6:59:6:75":5,"b:7:7:8:46:8:7:8:46":4,"s:7:7:8:46":6,"b:7:11:7:33:7:37:7:60":5,"s:7:62:7:78":7,"b:8:7:8:46:undefined:undefined:undefined:undefined":6,"s:8:7:8:46":8,"s:8:32:8:46":9,"s:9:2:9:22":10,"f:12:16:12:29":1,"s:13:13:13:38":11,"b:13:13:13:32:13:36:13:38":7,"b:14:2:14:48:undefined:undefined:undefined:undefined":8,"s:14:2:14:48":12,"s:14:32:14:48":13,"b:15:2:15:47:undefined:undefined:undefined:undefined":9,"s:15:2:15:47":14,"s:15:31:15:47":15,"s:16:2:16:19":16,"f:19:16:19:28":2,"s:20:2:27:78":17,"s:21:16:21:45":18,"s:22:4:26:6":19,"b:23:18:23:52:23:56:23:58":10,"b:24:18:24:52:24:56:24:58":11,"b:25:20:25:56:25:60:25:62":12,"s:27:16:27:76":20,"f:30:16:30:33":3,"s:31:2:31:78":21},"fnNames":{}}}
,"C:\\Users\\santh\\OneDrive - WisRight Technologies Private Limited\\Pictures\\Kottravai-main\\src\\utils\\trackingService.js": {"path":"C:\\Users\\santh\\OneDrive - WisRight Technologies Private Limited\\Pictures\\Kottravai-main\\src\\utils\\trackingService.js","statementMap":{"0":{"start":{"line":5,"column":17},"end":{"line":5,"column":55}},"1":{"start":{"line":7,"column":20},"end":{"line":7,"column":42}},"2":{"start":{"line":10,"column":10},"end":{"line":10,"column":43}},"3":{"start":{"line":11,"column":2},"end":{"line":14,"column":3}},"4":{"start":{"line":12,"column":4},"end":{"line":12,"column":28}},"5":{"start":{"line":13,"column":4},"end":{"line":13,"column":41}},"6":{"start":{"line":15,"column":2},"end":{"line":15,"column":11}},"7":{"start":{"line":19,"column":2},"end":{"line":51,"column":3}},"8":{"start":{"line":20,"column":23},"end":{"line":20,"column":35}},"9":{"start":{"line":21,"column":15},"end":{"line":21,"column":40}},"10":{"start":{"line":22,"column":19},"end":{"line":22,"column":36}},"11":{"start":{"line":23,"column":18},"end":{"line":23,"column":34}},"12":{"start":{"line":24,"column":15},"end":{"line":24,"column":30}},"13":{"start":{"line":25,"column":20},"end":{"line":42,"column":5}},"14":{"start":{"line":45,"column":20},"end":{"line":45,"column":80}},"15":{"start":{"line":46,"column":4},"end":{"line":48,"column":7}},"16":{"start":{"line":47,"column":6},"end":{"line":47,"column":64}},"17":{"start":{"line":50,"column":4},"end":{"line":50,"column":42}},"18":{"start":{"line":55,"column":2},"end":{"line":55,"column":29}},"19":{"start":{"line":55,"column":22},"end":{"line":55,"column":29}},"20":{"start":{"line":56,"column":2},"end":{"line":61,"column":17}},"21":{"start":{"line":57,"column":23},"end":{"line":57,"column":35}},"22":{"start":{"line":58,"column":21},"end":{"line":58,"column":112}},"23":{"start":{"line":58,"column":38},"end":{"line":58,"column":110}},"24":{"start":{"line":59,"column":20},"end":{"line":59,"column":80}},"25":{"start":{"line":60,"column":4},"end":{"line":60,"column":83}}},"fnMap":{"0":{"name":"getSession","decl":{"start":{"line":9,"column":9},"end":{"line":9,"column":19}},"loc":{"start":{"line":9,"column":22},"end":{"line":16,"column":1}},"line":9},"1":{"name":"trackEvent","decl":{"start":{"line":18,"column":22},"end":{"line":18,"column":32}},"loc":{"start":{"line":18,"column":55},"end":{"line":52,"column":1}},"line":18},"2":{"name":"(anonymous_2)","decl":{"start":{"line":46,"column":60},"end":{"line":46,"column":63}},"loc":{"start":{"line":46,"column":67},"end":{"line":48,"column":5}},"line":46},"3":{"name":"trackBatch","decl":{"start":{"line":54,"column":22},"end":{"line":54,"column":32}},"loc":{"start":{"line":54,"column":46},"end":{"line":62,"column":1}},"line":54},"4":{"name":"(anonymous_4)","decl":{"start":{"line":58,"column":32},"end":{"line":58,"column":33}},"loc":{"start":{"line":58,"column":38},"end":{"line":58,"column":110}},"line":58},"5":{"name":"(anonymous_5)","decl":{"start":{"line":60,"column":73},"end":{"line":60,"column":74}},"loc":{"start":{"line":60,"column":79},"end":{"line":60,"column":81}},"line":60}},"branchMap":{"0":{"loc":{"start":{"line":5,"column":17},"end":{"line":5,"column":55}},"type":"binary-expr","locations":[{"start":{"line":5,"column":17},"end":{"line":5,"column":45}},{"start":{"line":5,"column":49},"end":{"line":5,"column":55}}],"line":5},"1":{"loc":{"start":{"line":11,"column":2},"end":{"line":14,"column":3}},"type":"if","locations":[{"start":{"line":11,"column":2},"end":{"line":14,"column":3}},{"start":{},"end":{}}],"line":11},"2":{"loc":{"start":{"line":18,"column":44},"end":{"line":18,"column":53}},"type":"default-arg","locations":[{"start":{"line":18,"column":51},"end":{"line":18,"column":53}}],"line":18},"3":{"loc":{"start":{"line":21,"column":15},"end":{"line":21,"column":40}},"type":"binary-expr","locations":[{"start":{"line":21,"column":15},"end":{"line":21,"column":34}},{"start":{"line":21,"column":38},"end":{"line":21,"column":40}}],"line":21},"4":{"loc":{"start":{"line":33,"column":20},"end":{"line":33,"column":48}},"type":"binary-expr","locations":[{"start":{"line":33,"column":20},"end":{"line":33,"column":40}},{"start":{"line":33,"column":44},"end":{"line":33,"column":48}}],"line":33},"5":{"loc":{"start":{"line":34,"column":21},"end":{"line":34,"column":50}},"type":"binary-expr","locations":[{"start":{"line":34,"column":21},"end":{"line":34,"column":42}},{"start":{"line":34,"column":46},"end":{"line":34,"column":50}}],"line":34},"6":{"loc":{"start":{"line":35,"column":22},"end":{"line":35,"column":48}},"type":"binary-expr","locations":[{"start":{"line":35,"column":22},"end":{"line":35,"column":42}},{"start":{"line":35,"column":46},"end":{"line":35,"column":48}}],"line":35},"7":{"loc":{"start":{"line":35,"column":52},"end":{"line":35,"column":79}},"type":"binary-expr","locations":[{"start":{"line":35,"column":52},"end":{"line":35,"column":73}},{"start":{"line":35,"column":77},"end":{"line":35,"column":79}}],"line":35},"8":{"loc":{"start":{"line":36,"column":16},"end":{"line":36,"column":39}},"type":"binary-expr","locations":[{"start":{"line":36,"column":16},"end":{"line":36,"column":33}},{"start":{"line":36,"column":37},"end":{"line":36,"column":39}}],"line":36},"9":{"loc":{"start":{"line":38,"column":18},"end":{"line":38,"column":38}},"type":"binary-expr","locations":[{"start":{"line":38,"column":18},"end":{"line":38,"column":32}},{"start":{"line":38,"column":36},"end":{"line":38,"column":38}}],"line":38},"10":{"loc":{"start":{"line":39,"column":18},"end":{"line":39,"column":38}},"type":"binary-expr","locations":[{"start":{"line":39,"column":18},"end":{"line":39,"column":32}},{"start":{"line":39,"column":36},"end":{"line":39,"column":38}}],"line":39},"11":{"loc":{"start":{"line":40,"column":20},"end":{"line":40,"column":42}},"type":"binary-expr","locations":[{"start":{"line":40,"column":20},"end":{"line":40,"column":36}},{"start":{"line":40,"column":40},"end":{"line":40,"column":42}}],"line":40},"12":{"loc":{"start":{"line":45,"column":20},"end":{"line":45,"column":80}},"type":"cond-expr","locations":[{"start":{"line":45,"column":48},"end":{"line":45,"column":69}},{"start":{"line":45,"column":72},"end":{"line":45,"column":80}}],"line":45},"13":{"loc":{"start":{"line":47,"column":43},"end":{"line":47,"column":62}},"type":"binary-expr","locations":[{"start":{"line":47,"column":43},"end":{"line":47,"column":55}},{"start":{"line":47,"column":59},"end":{"line":47,"column":62}}],"line":47},"14":{"loc":{"start":{"line":54,"column":33},"end":{"line":54,"column":44}},"type":"default-arg","locations":[{"start":{"line":54,"column":42},"end":{"line":54,"column":44}}],"line":54},"15":{"loc":{"start":{"line":55,"column":2},"end":{"line":55,"column":29}},"type":"if","locations":[{"start":{"line":55,"column":2},"end":{"line":55,"column":29}},{"start":{},"end":{}}],"line":55},"16":{"loc":{"start":{"line":58,"column":69},"end":{"line":58,"column":108}},"type":"binary-expr","locations":[{"start":{"line":58,"column":69},"end":{"line":58,"column":80}},{"start":{"line":58,"column":84},"end":{"line":58,"column":108}}],"line":58},"17":{"loc":{"start":{"line":59,"column":20},"end":{"line":59,"column":80}},"type":"cond-expr","locations":[{"start":{"line":59,"column":48},"end":{"line":59,"column":69}},{"start":{"line":59,"column":72},"end":{"line":59,"column":80}}],"line":59}},"s":{"0":0,"1":0,"2":0,"3":0,"4":0,"5":0,"6":0,"7":0,"8":0,"9":0,"10":0,"11":0,"12":0,"13":0,"14":0,"15":0,"16":0,"17":0,"18":0,"19":0,"20":0,"21":0,"22":0,"23":0,"24":0,"25":0},"f":{"0":0,"1":0,"2":0,"3":0,"4":0,"5":0},"b":{"0":[0,0],"1":[0,0],"2":[0],"3":[0,0],"4":[0,0],"5":[0,0],"6":[0,0],"7":[0,0],"8":[0,0],"9":[0,0],"10":[0,0],"11":[0,0],"12":[0,0],"13":[0,0],"14":[0],"15":[0,0],"16":[0,0],"17":[0,0]},"meta":{"lastBranch":18,"lastFunction":6,"lastStatement":26,"seen":{"s:5:17:5:55":0,"b:5:17:5:45:5:49:5:55":0,"s:7:20:7:42":1,"f:9:9:9:19":0,"s:10:10:10:43":2,"b:11:2:14:3:undefined:undefined:undefined:undefined":1,"s:11:2:14:3":3,"s:12:4:12:28":4,"s:13:4:13:41":5,"s:15:2:15:11":6,"f:18:22:18:32":1,"b:18:51:18:53":2,"s:19:2:51:3":7,"s:20:23:20:35":8,"s:21:15:21:40":9,"b:21:15:21:34:21:38:21:40":3,"s:22:19:22:36":10,"s:23:18:23:34":11,"s:24:15:24:30":12,"s:25:20:42:5":13,"b:33:20:33:40:33:44:33:48":4,"b:34:21:34:42:34:46:34:50":5,"b:35:22:35:42:35:46:35:48":6,"b:35:52:35:73:35:77:35:79":7,"b:36:16:36:33:36:37:36:39":8,"b:38:18:38:32:38:36:38:38":9,"b:39:18:39:32:39:36:39:38":10,"b:40:20:40:36:40:40:40:42":11,"s:45:20:45:80":14,"b:45:48:45:69:45:72:45:80":12,"s:46:4:48:7":15,"f:46:60:46:63":2,"s:47:6:47:64":16,"b:47:43:47:55:47:59:47:62":13,"s:50:4:50:42":17,"f:54:22:54:32":3,"b:54:42:54:44":14,"b:55:2:55:29:undefined:undefined:undefined:undefined":15,"s:55:2:55:29":18,"s:55:22:55:29":19,"s:56:2:61:17":20,"s:57:23:57:35":21,"s:58:21:58:112":22,"f:58:32:58:33":4,"s:58:38:58:110":23,"b:58:69:58:80:58:84:58:108":16,"s:59:20:59:80":24,"b:59:48:59:69:59:72:59:80":17,"s:60:4:60:83":25,"f:60:73:60:74":5},"fnNames":{}}}
,"C:\\Users\\santh\\OneDrive - WisRight Technologies Private Limited\\Pictures\\Kottravai-main\\src\\utils\\visitor.js": {"path":"C:\\Users\\santh\\OneDrive - WisRight Technologies Private Limited\\Pictures\\Kottravai-main\\src\\utils\\visitor.js","statementMap":{"0":{"start":{"line":2,"column":20},"end":{"line":2,"column":42}},"1":{"start":{"line":5,"column":2},"end":{"line":5,"column":85}},"2":{"start":{"line":5,"column":58},"end":{"line":5,"column":85}},"3":{"start":{"line":7,"column":2},"end":{"line":7,"column":84}},"4":{"start":{"line":11,"column":2},"end":{"line":20,"column":3}},"5":{"start":{"line":12,"column":13},"end":{"line":12,"column":46}},"6":{"start":{"line":13,"column":4},"end":{"line":16,"column":5}},"7":{"start":{"line":14,"column":6},"end":{"line":14,"column":26}},"8":{"start":{"line":15,"column":6},"end":{"line":15,"column":44}},"9":{"start":{"line":17,"column":4},"end":{"line":17,"column":14}},"10":{"start":{"line":19,"column":4},"end":{"line":19,"column":26}},"11":{"start":{"line":24,"column":2},"end":{"line":24,"column":60}},"12":{"start":{"line":24,"column":8},"end":{"line":24,"column":45}}},"fnMap":{"0":{"name":"generateUUID","decl":{"start":{"line":4,"column":16},"end":{"line":4,"column":28}},"loc":{"start":{"line":4,"column":31},"end":{"line":8,"column":1}},"line":4},"1":{"name":"getVisitorId","decl":{"start":{"line":10,"column":16},"end":{"line":10,"column":28}},"loc":{"start":{"line":10,"column":31},"end":{"line":21,"column":1}},"line":10},"2":{"name":"clearVisitorId","decl":{"start":{"line":23,"column":16},"end":{"line":23,"column":30}},"loc":{"start":{"line":23,"column":33},"end":{"line":25,"column":1}},"line":23}},"branchMap":{"0":{"loc":{"start":{"line":5,"column":2},"end":{"line":5,"column":85}},"type":"if","locations":[{"start":{"line":5,"column":2},"end":{"line":5,"column":85}},{"start":{},"end":{}}],"line":5},"1":{"loc":{"start":{"line":5,"column":6},"end":{"line":5,"column":56}},"type":"binary-expr","locations":[{"start":{"line":5,"column":6},"end":{"line":5,"column":35}},{"start":{"line":5,"column":39},"end":{"line":5,"column":56}}],"line":5},"2":{"loc":{"start":{"line":13,"column":4},"end":{"line":16,"column":5}},"type":"if","locations":[{"start":{"line":13,"column":4},"end":{"line":16,"column":5}},{"start":{},"end":{}}],"line":13}},"s":{"0":0,"1":0,"2":0,"3":0,"4":0,"5":0,"6":0,"7":0,"8":0,"9":0,"10":0,"11":0,"12":0},"f":{"0":0,"1":0,"2":0},"b":{"0":[0,0],"1":[0,0],"2":[0,0]},"meta":{"lastBranch":3,"lastFunction":3,"lastStatement":13,"seen":{"s:2:20:2:42":0,"f:4:16:4:28":0,"b:5:2:5:85:undefined:undefined:undefined:undefined":0,"s:5:2:5:85":1,"b:5:6:5:35:5:39:5:56":1,"s:5:58:5:85":2,"s:7:2:7:84":3,"f:10:16:10:28":1,"s:11:2:20:3":4,"s:12:13:12:46":5,"b:13:4:16:5:undefined:undefined:undefined:undefined":2,"s:13:4:16:5":6,"s:14:6:14:26":7,"s:15:6:15:44":8,"s:17:4:17:14":9,"s:19:4:19:26":10,"f:23:16:23:30":2,"s:24:2:24:60":11,"s:24:8:24:45":12},"fnNames":{}}}
,"C:\\Users\\santh\\OneDrive - WisRight Technologies Private Limited\\Pictures\\Kottravai-main\\src\\utils\\visitor.ts": {"path":"C:\\Users\\santh\\OneDrive - WisRight Technologies Private Limited\\Pictures\\Kottravai-main\\src\\utils\\visitor.ts","statementMap":{"0":{"start":{"line":1,"column":28},"end":{"line":1,"column":null}},"1":{"start":{"line":3,"column":32},"end":{"line":8,"column":null}},"2":{"start":{"line":4,"column":4},"end":{"line":6,"column":null}},"3":{"start":{"line":5,"column":8},"end":{"line":5,"column":null}},"4":{"start":{"line":7,"column":4},"end":{"line":7,"column":null}},"5":{"start":{"line":10,"column":28},"end":{"line":17,"column":null}},"6":{"start":{"line":11,"column":20},"end":{"line":11,"column":null}},"7":{"start":{"line":12,"column":4},"end":{"line":15,"column":null}},"8":{"start":{"line":13,"column":8},"end":{"line":13,"column":null}},"9":{"start":{"line":14,"column":8},"end":{"line":14,"column":null}},"10":{"start":{"line":16,"column":4},"end":{"line":16,"column":null}},"11":{"start":{"line":19,"column":31},"end":{"line":21,"column":null}},"12":{"start":{"line":20,"column":4},"end":{"line":20,"column":null}}},"fnMap":{"0":{"name":"(anonymous_0)","decl":{"start":{"line":3,"column":32},"end":{"line":3,"column":46}},"loc":{"start":{"line":3,"column":46},"end":{"line":8,"column":null}},"line":3},"1":{"name":"(anonymous_1)","decl":{"start":{"line":10,"column":28},"end":{"line":10,"column":42}},"loc":{"start":{"line":10,"column":42},"end":{"line":17,"column":null}},"line":10},"2":{"name":"(anonymous_2)","decl":{"start":{"line":19,"column":31},"end":{"line":19,"column":46}},"loc":{"start":{"line":19,"column":46},"end":{"line":21,"column":null}},"line":19}},"branchMap":{"0":{"loc":{"start":{"line":4,"column":4},"end":{"line":6,"column":null}},"type":"if","locations":[{"start":{"line":4,"column":4},"end":{"line":6,"column":null}},{"start":{},"end":{}}],"line":4},"1":{"loc":{"start":{"line":4,"column":8},"end":{"line":4,"column":82}},"type":"binary-expr","locations":[{"start":{"line":4,"column":8},"end":{"line":4,"column":41}},{"start":{"line":4,"column":41},"end":{"line":4,"column":82}}],"line":4},"2":{"loc":{"start":{"line":12,"column":4},"end":{"line":15,"column":null}},"type":"if","locations":[{"start":{"line":12,"column":4},"end":{"line":15,"column":null}},{"start":{},"end":{}}],"line":12}},"s":{"0":0,"1":0,"2":0,"3":0,"4":0,"5":0,"6":0,"7":0,"8":0,"9":0,"10":0,"11":0,"12":0},"f":{"0":0,"1":0,"2":0},"b":{"0":[0,0],"1":[0,0],"2":[0,0]},"meta":{"lastBranch":3,"lastFunction":3,"lastStatement":13,"seen":{"s:1:28:1:Infinity":0,"s:3:32:8:Infinity":1,"f:3:32:3:46":0,"b:4:4:6:Infinity:undefined:undefined:undefined:undefined":0,"s:4:4:6:Infinity":2,"b:4:8:4:41:4:41:4:82":1,"s:5:8:5:Infinity":3,"s:7:4:7:Infinity":4,"s:10:28:17:Infinity":5,"f:10:28:10:42":1,"s:11:20:11:Infinity":6,"b:12:4:15:Infinity:undefined:undefined:undefined:undefined":2,"s:12:4:15:Infinity":7,"s:13:8:13:Infinity":8,"s:14:8:14:Infinity":9,"s:16:4:16:Infinity":10,"s:19:31:21:Infinity":11,"f:19:31:19:46":2,"s:20:4:20:Infinity":12},"fnNames":{}}}
,"C:\\Users\\santh\\OneDrive - WisRight Technologies Private Limited\\Pictures\\Kottravai-main\\src\\utils\\whatsapp.ts": {"path":"C:\\Users\\santh\\OneDrive - WisRight Technologies Private Limited\\Pictures\\Kottravai-main\\src\\utils\\whatsapp.ts","statementMap":{"0":{"start":{"line":1,"column":36},"end":{"line":17,"column":null}},"1":{"start":{"line":10,"column":28},"end":{"line":10,"column":null}},"2":{"start":{"line":12,"column":20},"end":{"line":12,"column":null}},"3":{"start":{"line":13,"column":27},"end":{"line":13,"column":null}},"4":{"start":{"line":16,"column":4},"end":{"line":16,"column":null}},"5":{"start":{"line":19,"column":28},"end":{"line":21,"column":null}},"6":{"start":{"line":20,"column":4},"end":{"line":20,"column":null}}},"fnMap":{"0":{"name":"(anonymous_0)","decl":{"start":{"line":1,"column":36},"end":{"line":1,"column":37}},"loc":{"start":{"line":9,"column":6},"end":{"line":17,"column":null}},"line":9},"1":{"name":"(anonymous_1)","decl":{"start":{"line":19,"column":28},"end":{"line":19,"column":29}},"loc":{"start":{"line":19,"column":46},"end":{"line":21,"column":null}},"line":19}},"branchMap":{"0":{"loc":{"start":{"line":12,"column":147},"end":{"line":12,"column":188}},"type":"cond-expr","locations":[{"start":{"line":12,"column":161},"end":{"line":12,"column":186}},{"start":{"line":12,"column":186},"end":{"line":12,"column":188}}],"line":12}},"s":{"0":0,"1":0,"2":0,"3":0,"4":0,"5":0,"6":0},"f":{"0":0,"1":0},"b":{"0":[0,0]},"meta":{"lastBranch":1,"lastFunction":2,"lastStatement":7,"seen":{"s:1:36:17:Infinity":0,"f:1:36:1:37":0,"s:10:28:10:Infinity":1,"s:12:20:12:Infinity":2,"b:12:161:12:186:12:186:12:188":0,"s:13:27:13:Infinity":3,"s:16:4:16:Infinity":4,"s:19:28:21:Infinity":5,"f:19:28:19:29":1,"s:20:4:20:Infinity":6},"fnNames":{}}}
}
